#
# A fatal error has been detected by the Java Runtime Environment:
#
#  SIGFPE (0x8) at pc=0x000000000045b86b, pid=4819, tid=0x00007f1e88b41740
#
# JRE version: OpenJDK Runtime Environment (8.0_102-b14) (build 1.8.0_102-b14)
# Java VM: OpenJDK 64-Bit Server VM (25.102-b14 mixed mode linux-amd64 compressed oops)
# Problematic frame:
# C  [exe_projectRobotran+0x5b86b]  ctrlGr18::speed_regulation(ctrlGr18::CtrlStruct*, double, double)+0x1b
#
# Failed to write core dump. Core dumps have been disabled. To enable core dumping, try "ulimit -c unlimited" before starting Java again
#
# If you would like to submit a bug report, please visit:
#   http://bugreport.java.com/bugreport/crash.jsp
# The crash happened outside the Java Virtual Machine in native code.
# See problematic frame for where to report the bug.
#

---------------  T H R E A D  ---------------

Current thread (0x0000000000df9000):  JavaThread "main" [_thread_in_native, id=4819, stack(0x00007ffe89bf3000,0x00007ffe89cf3000)]

siginfo: si_signo: 8 (SIGFPE), si_code: 1 (FPE_INTDIV), si_addr: 0x000000000045b86b

Registers:
RAX=0x0000000000000028, RBX=0x000000000178e020, RCX=0x0000000000000000, RDX=0x0000000000000000
RSP=0x00007ffe89cf0c30, RBP=0x000000000178f660, RSI=0x0000000000000000, RDI=0x000000000178f880
R8 =0x0000000026e978d5, R9 =0x00000000d70a2e8a, R10=0x0000000000000087, R11=0x00007f1e86642800
R12=0x000000000178f620, R13=0x000000000178ff50, R14=0x0000000000000001, R15=0x000000000178f660
RIP=0x000000000045b86b, EFLAGS=0x0000000000010206, CSGSFS=0x002b000000000033, ERR=0x0000000000000000
  TRAPNO=0x0000000000000000

Top of Stack: (sp=0x00007ffe89cf0c30)
0x00007ffe89cf0c30:   000000000178aa60 000000000178f620
0x00007ffe89cf0c40:   000000000178ff50 0000000000000001
0x00007ffe89cf0c50:   000000000178f660 000000000045aeff
0x00007ffe89cf0c60:   bff0000000000000 c02e000000000000
0x00007ffe89cf0c70:   000000000178f0c0 0000000000000000
0x00007ffe89cf0c80:   000000000178f620 000000000043c076
0x00007ffe89cf0c90:   000000000178e5b0 0000000000000001
0x00007ffe89cf0ca0:   00000000018f5bd0 0000000000df0a70
0x00007ffe89cf0cb0:   00007ffe89cf0e60 0000000000000000
0x00007ffe89cf0cc0:   0000000000000000 000000000043c362
0x00007ffe89cf0cd0:   0000000000df0df0 0000000000df0df0
0x00007ffe89cf0ce0:   0000000000df0df0 00000000004377c9
0x00007ffe89cf0cf0:   0000000000dfce20 000000000042421c
0x00007ffe89cf0d00:   00007f1e85d41e30 0000000000dfce20
0x00007ffe89cf0d10:   0000000000df0df0 0000000000dfce20
0x00007ffe89cf0d20:   0000000000df0df0 0000000000418390
0x00007ffe89cf0d30:   00007ffe89cf0e60 000000000042436c
0x00007ffe89cf0d40:   0000000000df0df0 0000000000df0df0
0x00007ffe89cf0d50:   0000000000dfce20 00000000004175ee
0x00007ffe89cf0d60:   0000000057fd593b 00000000000d170c
0x00007ffe89cf0d70:   00007ffe89cf0e60 0000000000000000
0x00007ffe89cf0d80:   000000000045f740 00007f1e85ce7580
0x00007ffe89cf0d90:   0000000000000000 00007ffe89cf0e68
0x00007ffe89cf0da0:   0000000100000000 0000000000417520
0x00007ffe89cf0db0:   0000000000000000 5521d88206bac6f8
0x00007ffe89cf0dc0:   0000000000418390 00007ffe89cf0e60
0x00007ffe89cf0dd0:   0000000000000000 0000000000000000
0x00007ffe89cf0de0:   aadccb97f31ac6f8 ab1cd395024ac6f8
0x00007ffe89cf0df0:   0000000000000000 0000000000000000
0x00007ffe89cf0e00:   0000000000000000 000000000045f740
0x00007ffe89cf0e10:   00007ffe89cf0e68 0000000000000001
0x00007ffe89cf0e20:   0000000000000000 0000000000000000 

Instructions: (pc=0x000000000045b86b)
0x000000000045b84b:   00 00 00 00 90 41 54 55 b8 28 00 00 00 53 66 0f
0x000000000045b85b:   28 d8 31 c9 99 48 83 ec 40 48 8b 5f 28 48 8b 2f
0x000000000045b86b:   f7 f9 66 0f ef f6 4c 8b 67 08 f2 0f 10 6d 10 f2
0x000000000045b87b:   0f 5c 5d 08 f2 0f 10 63 10 f2 0f 10 55 00 f2 0f 

Register to memory mapping:

RAX=0x0000000000000028 is an unknown value
RBX=0x000000000178e020 is an unknown value
RCX=0x0000000000000000 is an unknown value
RDX=0x0000000000000000 is an unknown value
RSP=0x00007ffe89cf0c30 is pointing into the stack for thread: 0x0000000000df9000
RBP=0x000000000178f660 is an unknown value
RSI=0x0000000000000000 is an unknown value
RDI=0x000000000178f880 is an unknown value
R8 =0x0000000026e978d5 is an unknown value
R9 =0x00000000d70a2e8a is an unknown value
R10=0x0000000000000087 is an unknown value
R11=0x00007f1e86642800: atan2+0 in /lib64/libm.so.6 at 0x00007f1e86621000
R12=0x000000000178f620 is an unknown value
R13=0x000000000178ff50 is an unknown value
R14=0x0000000000000001 is an unknown value
R15=0x000000000178f660 is an unknown value


Stack: [0x00007ffe89bf3000,0x00007ffe89cf3000],  sp=0x00007ffe89cf0c30,  free space=1015k
Native frames: (J=compiled Java code, j=interpreted, Vv=VM code, C=native code)
C  [exe_projectRobotran+0x5b86b]  ctrlGr18::speed_regulation(ctrlGr18::CtrlStruct*, double, double)+0x1b


---------------  P R O C E S S  ---------------

Java Threads: ( => current thread )
  0x00007f1df0009000 JavaThread "J3D-InputDeviceScheduler-1" [_thread_blocked, id=4857, stack(0x00007f1e50878000,0x00007f1e50979000)]
  0x00007f1df0007800 JavaThread "J3D-SoundSchedulerUpdateThread-1" [_thread_blocked, id=4856, stack(0x00007f1e50979000,0x00007f1e50a7a000)]
  0x00007f1df0005800 JavaThread "J3D-RenderStructureUpdateThread-1" [_thread_in_vm, id=4855, stack(0x00007f1e50a7a000,0x00007f1e50b7b000)]
  0x00007f1df0004000 JavaThread "J3D-BehaviorScheduler-1" [_thread_blocked, id=4854, stack(0x00007f1e50b7b000,0x00007f1e50c7c000)]
  0x00007f1df0010000 JavaThread "J3D-TransformStructureUpdateThread-1" [_thread_blocked, id=4853, stack(0x00007f1e50c7c000,0x00007f1e50d7d000)]
  0x00007f1df000e000 JavaThread "J3D-RenderingEnvironmentStructureUpdateThread-1" [_thread_blocked, id=4852, stack(0x00007f1e50d7d000,0x00007f1e50e7e000)]
  0x00007f1df0012000 JavaThread "J3D-SoundStructureUpdateThread-1" [_thread_blocked, id=4851, stack(0x00007f1e50e7e000,0x00007f1e50f7f000)]
  0x00007f1df0011000 JavaThread "J3D-GeometryStructureUpdateThread-1" [_thread_blocked, id=4850, stack(0x00007f1e50f7f000,0x00007f1e51080000)]
  0x00007f1df000d000 JavaThread "J3D-BehaviorStructureUpdateThread-1" [_thread_blocked, id=4849, stack(0x00007f1e43eff000,0x00007f1e44000000)]
  0x00000000013d7000 JavaThread "Image Fetcher 0" daemon [_thread_blocked, id=4848, stack(0x00007f1e5268f000,0x00007f1e52790000)]
  0x00000000013b4800 JavaThread "AWT-EventQueue-0" [_thread_blocked, id=4847, stack(0x00007f1e52990000,0x00007f1e52a91000)]
  0x00000000013b3000 JavaThread "AWT-Shutdown" [_thread_blocked, id=4846, stack(0x00007f1e52a91000,0x00007f1e52b92000)]
  0x000000000137a000 JavaThread "Timer-0" daemon [_thread_blocked, id=4845, stack(0x00007f1e5804a000,0x00007f1e5814b000)]
  0x00007f1df0001800 JavaThread "J3D-Renderer-1" [_thread_in_vm, id=4844, stack(0x00007f1e589cd000,0x00007f1e58ace000)]
  0x00000000013cb800 JavaThread "J3D-MasterControl-1" [_thread_blocked, id=4843, stack(0x00007f1e58ace000,0x00007f1e58bcf000)]
  0x000000000137f800 JavaThread "J3D-NotificationThread" [_thread_blocked, id=4842, stack(0x00007f1e58bcf000,0x00007f1e58cd0000)]
  0x00000000013c0800 JavaThread "J3D-TimerThread" [_thread_blocked, id=4841, stack(0x00007f1e58cd0000,0x00007f1e58dd1000)]
  0x0000000001321800 JavaThread "J3D-RenderingAttributesStructureUpdateThread" [_thread_blocked, id=4840, stack(0x00007f1e58dd1000,0x00007f1e58ed2000)]
  0x00000000010c0000 JavaThread "AWT-XAWT" daemon [_thread_in_native, id=4839, stack(0x00007f1e60165000,0x00007f1e60266000)]
  0x0000000001098000 JavaThread "Java2D Disposer" daemon [_thread_blocked, id=4838, stack(0x00007f1e6069a000,0x00007f1e6079b000)]
  0x0000000000efc000 JavaThread "Service Thread" daemon [_thread_blocked, id=4836, stack(0x00007f1e621db000,0x00007f1e622dc000)]
  0x0000000000ef6800 JavaThread "C1 CompilerThread3" daemon [_thread_in_native, id=4835, stack(0x00007f1e622dc000,0x00007f1e623dd000)]
  0x0000000000ef4800 JavaThread "C2 CompilerThread2" daemon [_thread_blocked, id=4834, stack(0x00007f1e623dd000,0x00007f1e624de000)]
  0x0000000000ef3000 JavaThread "C2 CompilerThread1" daemon [_thread_blocked, id=4833, stack(0x00007f1e624de000,0x00007f1e625df000)]
  0x0000000000ee5800 JavaThread "C2 CompilerThread0" daemon [_thread_blocked, id=4832, stack(0x00007f1e625df000,0x00007f1e626e0000)]
  0x0000000000ee3800 JavaThread "Signal Dispatcher" daemon [_thread_blocked, id=4831, stack(0x00007f1e626e0000,0x00007f1e627e1000)]
  0x0000000000eb9000 JavaThread "Finalizer" daemon [_thread_blocked, id=4830, stack(0x00007f1e627e1000,0x00007f1e628e2000)]
  0x0000000000eb4800 JavaThread "Reference Handler" daemon [_thread_blocked, id=4829, stack(0x00007f1e628e2000,0x00007f1e629e3000)]
=>0x0000000000df9000 JavaThread "main" [_thread_in_native, id=4819, stack(0x00007ffe89bf3000,0x00007ffe89cf3000)]

Other Threads:
  0x0000000000eab000 VMThread [stack: 0x00007f1e629e3000,0x00007f1e62ae4000] [id=4828]
  0x0000000000efe000 WatcherThread [stack: 0x00007f1e620da000,0x00007f1e621db000] [id=4837]

VM state:not at safepoint (normal execution)

VM Mutex/Monitor currently owned by a thread: None

Heap:
 PSYoungGen      total 144384K, used 10379K [0x00000000d6d00000, 0x00000000e0b00000, 0x0000000100000000)
  eden space 126976K, 8% used [0x00000000d6d00000,0x00000000d7722e70,0x00000000de900000)
  from space 17408K, 0% used [0x00000000dfa00000,0x00000000dfa00000,0x00000000e0b00000)
  to   space 17408K, 0% used [0x00000000de900000,0x00000000de900000,0x00000000dfa00000)
 ParOldGen       total 68096K, used 18395K [0x0000000084600000, 0x0000000088880000, 0x00000000d6d00000)
  object space 68096K, 27% used [0x0000000084600000,0x00000000857f6cf0,0x0000000088880000)
 Metaspace       used 21829K, capacity 22126K, committed 22400K, reserved 1069056K
  class space    used 2301K, capacity 2390K, committed 2432K, reserved 1048576K

Card table byte_map: [0x00007f1e71de0000,0x00007f1e721be000] byte_map_base: 0x00007f1e719bd000

Marking Bits: (ParMarkBitMap*) 0x00007f1e87a482a0
 Begin Bits: [0x00007f1e68230000, 0x00007f1e6a118000)
 End Bits:   [0x00007f1e6a118000, 0x00007f1e6c000000)

Polling page: 0x00007f1e88b6d000

CodeCache: size=245760Kb used=7408Kb max_used=7408Kb free=238351Kb
 bounds [0x00007f1e7257e000, 0x00007f1e72cce000, 0x00007f1e8157e000]
 total_blobs=2652 nmethods=1950 adapters=616
 compilation: enabled

Compilation events (10 events):
Event: 1.402 Thread 0x0000000000ef6800 nmethod 1946 0x00007f1e72cb1610 code [0x00007f1e72cb1780, 0x00007f1e72cb1970]
Event: 1.402 Thread 0x0000000000ef6800 1947       3       javax.media.j3d.BoundingBox::transform (357 bytes)
Event: 1.403 Thread 0x0000000000ef6800 nmethod 1947 0x00007f1e72cb1b90 code [0x00007f1e72cb1e80, 0x00007f1e72cb30d8]
Event: 1.403 Thread 0x0000000000ef6800 1949  s!   3       javax.media.j3d.J3dThread::runMonitor (199 bytes)
Event: 1.404 Thread 0x0000000000ef6800 nmethod 1949 0x00007f1e72cb3750 code [0x00007f1e72cb3960, 0x00007f1e72cb46a8]
Event: 1.404 Thread 0x0000000000ef6800 1951  s!   3       javax.media.j3d.MasterControl::runMonitor (1532 bytes)
Event: 1.404 Thread 0x0000000000ef3000 1952       4       javax.media.j3d.NodeRetained::getCurrentLocalToVworld (16 bytes)
Event: 1.405 Thread 0x0000000000ef3000 nmethod 1952 0x00007f1e72cb7810 code [0x00007f1e72cb7980, 0x00007f1e72cb7ad8]
Event: 1.410 Thread 0x0000000000ef6800 nmethod 1951 0x00007f1e72cb7c90 code [0x00007f1e72cb83c0, 0x00007f1e72cbdf88]
Event: 1.410 Thread 0x0000000000ef6800 1953   !   3       javax.media.j3d.Renderer::doWork (6488 bytes)

GC Heap History (10 events):
Event: 0.867 GC heap before
{Heap before GC invocations=3 (full 0):
 PSYoungGen      total 36864K, used 36846K [0x00000000d6d00000, 0x00000000db500000, 0x0000000100000000)
  eden space 31744K, 100% used [0x00000000d6d00000,0x00000000d8c00000,0x00000000d8c00000)
  from space 5120K, 99% used [0x00000000d9100000,0x00000000d95fba50,0x00000000d9600000)
  to   space 5120K, 0% used [0x00000000d8c00000,0x00000000d8c00000,0x00000000d9100000)
 ParOldGen       total 84992K, used 2123K [0x0000000084600000, 0x0000000089900000, 0x00000000d6d00000)
  object space 84992K, 2% used [0x0000000084600000,0x0000000084812eb0,0x0000000089900000)
 Metaspace       used 19264K, capacity 19536K, committed 19968K, reserved 1067008K
  class space    used 2090K, capacity 2193K, committed 2304K, reserved 1048576K
Event: 0.871 GC heap after
Heap after GC invocations=3 (full 0):
 PSYoungGen      total 36864K, used 5111K [0x00000000d6d00000, 0x00000000db500000, 0x0000000100000000)
  eden space 31744K, 0% used [0x00000000d6d00000,0x00000000d6d00000,0x00000000d8c00000)
  from space 5120K, 99% used [0x00000000d8c00000,0x00000000d90fdc90,0x00000000d9100000)
  to   space 5120K, 0% used [0x00000000db000000,0x00000000db000000,0x00000000db500000)
 ParOldGen       total 84992K, used 4461K [0x0000000084600000, 0x0000000089900000, 0x00000000d6d00000)
  object space 84992K, 5% used [0x0000000084600000,0x0000000084a5b778,0x0000000089900000)
 Metaspace       used 19264K, capacity 19536K, committed 19968K, reserved 1067008K
  class space    used 2090K, capacity 2193K, committed 2304K, reserved 1048576K
}
Event: 0.955 GC heap before
{Heap before GC invocations=4 (full 0):
 PSYoungGen      total 36864K, used 36855K [0x00000000d6d00000, 0x00000000db500000, 0x0000000100000000)
  eden space 31744K, 100% used [0x00000000d6d00000,0x00000000d8c00000,0x00000000d8c00000)
  from space 5120K, 99% used [0x00000000d8c00000,0x00000000d90fdc90,0x00000000d9100000)
  to   space 5120K, 0% used [0x00000000db000000,0x00000000db000000,0x00000000db500000)
 ParOldGen       total 84992K, used 4461K [0x0000000084600000, 0x0000000089900000, 0x00000000d6d00000)
  object space 84992K, 5% used [0x0000000084600000,0x0000000084a5b778,0x0000000089900000)
 Metaspace       used 19450K, capacity 19742K, committed 19968K, reserved 1067008K
  class space    used 2104K, capacity 2194K, committed 2304K, reserved 1048576K
Event: 0.977 GC heap after
Heap after GC invocations=4 (full 0):
 PSYoungGen      total 68608K, used 5095K [0x00000000d6d00000, 0x00000000db500000, 0x0000000100000000)
  eden space 63488K, 0% used [0x00000000d6d00000,0x00000000d6d00000,0x00000000dab00000)
  from space 5120K, 99% used [0x00000000db000000,0x00000000db4f9ca0,0x00000000db500000)
  to   space 5120K, 0% used [0x00000000dab00000,0x00000000dab00000,0x00000000db000000)
 ParOldGen       total 84992K, used 13071K [0x0000000084600000, 0x0000000089900000, 0x00000000d6d00000)
  object space 84992K, 15% used [0x0000000084600000,0x00000000852c3cf0,0x0000000089900000)
 Metaspace       used 19450K, capacity 19742K, committed 19968K, reserved 1067008K
  class space    used 2104K, capacity 2194K, committed 2304K, reserved 1048576K
}
Event: 1.114 GC heap before
{Heap before GC invocations=5 (full 0):
 PSYoungGen      total 68608K, used 68583K [0x00000000d6d00000, 0x00000000db500000, 0x0000000100000000)
  eden space 63488K, 100% used [0x00000000d6d00000,0x00000000dab00000,0x00000000dab00000)
  from space 5120K, 99% used [0x00000000db000000,0x00000000db4f9ca0,0x00000000db500000)
  to   space 5120K, 0% used [0x00000000dab00000,0x00000000dab00000,0x00000000db000000)
 ParOldGen       total 84992K, used 13071K [0x0000000084600000, 0x0000000089900000, 0x00000000d6d00000)
  object space 84992K, 15% used [0x0000000084600000,0x00000000852c3cf0,0x0000000089900000)
 Metaspace       used 19703K, capacity 20008K, committed 20224K, reserved 1067008K
  class space    used 2105K, capacity 2195K, committed 2304K, reserved 1048576K
Event: 1.151 GC heap after
Heap after GC invocations=5 (full 0):
 PSYoungGen      total 68608K, used 5111K [0x00000000d6d00000, 0x00000000e0b00000, 0x0000000100000000)
  eden space 63488K, 0% used [0x00000000d6d00000,0x00000000d6d00000,0x00000000dab00000)
  from space 5120K, 99% used [0x00000000dab00000,0x00000000daffdc90,0x00000000db000000)
  to   space 17408K, 0% used [0x00000000dfa00000,0x00000000dfa00000,0x00000000e0b00000)
 ParOldGen       total 84992K, used 23174K [0x0000000084600000, 0x0000000089900000, 0x00000000d6d00000)
  object space 84992K, 27% used [0x0000000084600000,0x0000000085ca1a30,0x0000000089900000)
 Metaspace       used 19703K, capacity 20008K, committed 20224K, reserved 1067008K
  class space    used 2105K, capacity 2195K, committed 2304K, reserved 1048576K
}
Event: 1.301 GC heap before
{Heap before GC invocations=6 (full 0):
 PSYoungGen      total 68608K, used 33028K [0x00000000d6d00000, 0x00000000e0b00000, 0x0000000100000000)
  eden space 63488K, 43% used [0x00000000d6d00000,0x00000000d8843550,0x00000000dab00000)
  from space 5120K, 99% used [0x00000000dab00000,0x00000000daffdc90,0x00000000db000000)
  to   space 17408K, 0% used [0x00000000dfa00000,0x00000000dfa00000,0x00000000e0b00000)
 ParOldGen       total 84992K, used 23174K [0x0000000084600000, 0x0000000089900000, 0x00000000d6d00000)
  object space 84992K, 27% used [0x0000000084600000,0x0000000085ca1a30,0x0000000089900000)
 Metaspace       used 20886K, capacity 21134K, committed 21248K, reserved 1069056K
  class space    used 2198K, capacity 2294K, committed 2304K, reserved 1048576K
Event: 1.314 GC heap after
Heap after GC invocations=6 (full 0):
 PSYoungGen      total 144384K, used 12630K [0x00000000d6d00000, 0x00000000e0b00000, 0x0000000100000000)
  eden space 126976K, 0% used [0x00000000d6d00000,0x00000000d6d00000,0x00000000de900000)
  from space 17408K, 72% used [0x00000000dfa00000,0x00000000e0655a28,0x00000000e0b00000)
  to   space 17408K, 0% used [0x00000000de900000,0x00000000de900000,0x00000000dfa00000)
 ParOldGen       total 84992K, used 23174K [0x0000000084600000, 0x0000000089900000, 0x00000000d6d00000)
  object space 84992K, 27% used [0x0000000084600000,0x0000000085ca1a30,0x0000000089900000)
 Metaspace       used 20886K, capacity 21134K, committed 21248K, reserved 1069056K
  class space    used 2198K, capacity 2294K, committed 2304K, reserved 1048576K
}
Event: 1.314 GC heap before
{Heap before GC invocations=7 (full 1):
 PSYoungGen      total 144384K, used 12630K [0x00000000d6d00000, 0x00000000e0b00000, 0x0000000100000000)
  eden space 126976K, 0% used [0x00000000d6d00000,0x00000000d6d00000,0x00000000de900000)
  from space 17408K, 72% used [0x00000000dfa00000,0x00000000e0655a28,0x00000000e0b00000)
  to   space 17408K, 0% used [0x00000000de900000,0x00000000de900000,0x00000000dfa00000)
 ParOldGen       total 84992K, used 23174K [0x0000000084600000, 0x0000000089900000, 0x00000000d6d00000)
  object space 84992K, 27% used [0x0000000084600000,0x0000000085ca1a30,0x0000000089900000)
 Metaspace       used 20886K, capacity 21134K, committed 21248K, reserved 1069056K
  class space    used 2198K, capacity 2294K, committed 2304K, reserved 1048576K
Event: 1.348 GC heap after
Heap after GC invocations=7 (full 1):
 PSYoungGen      total 144384K, used 0K [0x00000000d6d00000, 0x00000000e0b00000, 0x0000000100000000)
  eden space 126976K, 0% used [0x00000000d6d00000,0x00000000d6d00000,0x00000000de900000)
  from space 17408K, 0% used [0x00000000dfa00000,0x00000000dfa00000,0x00000000e0b00000)
  to   space 17408K, 0% used [0x00000000de900000,0x00000000de900000,0x00000000dfa00000)
 ParOldGen       total 68096K, used 18395K [0x0000000084600000, 0x0000000088880000, 0x00000000d6d00000)
  object space 68096K, 27% used [0x0000000084600000,0x00000000857f6cf0,0x0000000088880000)
 Metaspace       used 20886K, capacity 21134K, committed 21248K, reserved 1069056K
  class space    used 2198K, capacity 2294K, committed 2304K, reserved 1048576K
}

Deoptimization events (10 events):
Event: 1.246 Thread 0x0000000000df9000 Uncommon trap: reason=unstable_if action=reinterpret pc=0x00007f1e72c15f94 method=java.util.ArrayList.indexOf(Ljava/lang/Object;)I @ 41
Event: 1.249 Thread 0x0000000000df9000 Uncommon trap: reason=unstable_if action=reinterpret pc=0x00007f1e72bb2af4 method=javax.media.j3d.BoundingBox.updateBoundsStates()V @ 169
Event: 1.292 Thread 0x0000000000df9000 Uncommon trap: reason=class_check action=maybe_recompile pc=0x00007f1e72774c6c method=java.util.HashMap.putVal(ILjava/lang/Object;Ljava/lang/Object;ZZ)Ljava/lang/Object; @ 253
Event: 1.292 Thread 0x0000000000df9000 Uncommon trap: reason=class_check action=maybe_recompile pc=0x00007f1e72774c6c method=java.util.HashMap.putVal(ILjava/lang/Object;Ljava/lang/Object;ZZ)Ljava/lang/Object; @ 253
Event: 1.293 Thread 0x0000000000df9000 Uncommon trap: reason=class_check action=maybe_recompile pc=0x00007f1e72774c6c method=java.util.HashMap.putVal(ILjava/lang/Object;Ljava/lang/Object;ZZ)Ljava/lang/Object; @ 253
Event: 1.293 Thread 0x0000000000df9000 Uncommon trap: reason=class_check action=maybe_recompile pc=0x00007f1e72774c6c method=java.util.HashMap.putVal(ILjava/lang/Object;Ljava/lang/Object;ZZ)Ljava/lang/Object; @ 253
Event: 1.293 Thread 0x0000000000df9000 Uncommon trap: reason=class_check action=maybe_recompile pc=0x00007f1e72771a44 method=java.util.HashMap.putVal(ILjava/lang/Object;Ljava/lang/Object;ZZ)Ljava/lang/Object; @ 253
Event: 1.352 Thread 0x0000000000df9000 Uncommon trap: reason=bimorphic action=maybe_recompile pc=0x00007f1e72c305e4 method=java.beans.PropertyChangeSupport.fire([Ljava/beans/PropertyChangeListener;Ljava/beans/PropertyChangeEvent;)V @ 27
Event: 1.352 Thread 0x0000000000df9000 Uncommon trap: reason=null_assert action=make_not_entrant pc=0x00007f1e72c2a8c8 method=java.awt.Component.reshape(IIII)V @ 145
Event: 1.376 Thread 0x00000000013b4800 Uncommon trap: reason=unstable_if action=reinterpret pc=0x00007f1e72b9f228 method=sun.awt.SunToolkit.getAppContext(Ljava/lang/Object;)Lsun/awt/AppContext; @ 4

Internal exceptions (10 events):
Event: 0.942 Thread 0x0000000000df9000 Exception <a 'java/lang/NullPointerException'> (0x00000000d86bea80) thrown at [/builddir/build/BUILD/java-1.8.0-openjdk-1.8.0.102-1.b14.fc23.x86_64/openjdk/hotspot/src/share/vm/runtime/sharedRuntime.cpp, line 613]
Event: 0.943 Thread 0x0000000000df9000 Implicit null exception at 0x00007f1e72a5ad81 to 0x00007f1e72a5e230
Event: 0.943 Thread 0x0000000000df9000 Exception <a 'java/lang/NullPointerException'> (0x00000000d86c5ee8) thrown at [/builddir/build/BUILD/java-1.8.0-openjdk-1.8.0.102-1.b14.fc23.x86_64/openjdk/hotspot/src/share/vm/runtime/sharedRuntime.cpp, line 613]
Event: 0.943 Thread 0x0000000000df9000 Implicit null exception at 0x00007f1e72a5ad81 to 0x00007f1e72a5e230
Event: 0.943 Thread 0x0000000000df9000 Exception <a 'java/lang/NullPointerException'> (0x00000000d86c6158) thrown at [/builddir/build/BUILD/java-1.8.0-openjdk-1.8.0.102-1.b14.fc23.x86_64/openjdk/hotspot/src/share/vm/runtime/sharedRuntime.cpp, line 613]
Event: 0.944 Thread 0x0000000000df9000 Implicit null exception at 0x00007f1e72a5ad81 to 0x00007f1e72a5e230
Event: 0.944 Thread 0x0000000000df9000 Exception <a 'java/lang/NullPointerException'> (0x00000000d86cd560) thrown at [/builddir/build/BUILD/java-1.8.0-openjdk-1.8.0.102-1.b14.fc23.x86_64/openjdk/hotspot/src/share/vm/runtime/sharedRuntime.cpp, line 613]
Event: 0.944 Thread 0x0000000000df9000 Implicit null exception at 0x00007f1e72a5ad81 to 0x00007f1e72a5e230
Event: 0.944 Thread 0x0000000000df9000 Exception <a 'java/lang/NullPointerException'> (0x00000000d86cd7d0) thrown at [/builddir/build/BUILD/java-1.8.0-openjdk-1.8.0.102-1.b14.fc23.x86_64/openjdk/hotspot/src/share/vm/runtime/sharedRuntime.cpp, line 613]
Event: 1.386 Thread 0x00000000013b4800 Exception <a 'java/lang/UnsupportedOperationException': > (0x00000000d70b1ff8) thrown at [/builddir/build/BUILD/java-1.8.0-openjdk-1.8.0.102-1.b14.fc23.x86_64/openjdk/hotspot/src/share/vm/prims/jni.cpp, line 735]

Events (10 events):
Event: 1.429 loading class javax/media/j3d/ShaderAppearanceRetained
Event: 1.429 loading class javax/media/j3d/ShaderAppearanceRetained done
Event: 1.430 Executing VM operation: Deoptimize
Event: 1.430 Executing VM operation: Deoptimize done
Event: 1.430 loading class javax/media/j3d/ShaderBin
Event: 1.430 loading class javax/media/j3d/ShaderBin done
Event: 1.431 loading class javax/media/j3d/ShaderAttributeSetRetained
Event: 1.431 loading class javax/media/j3d/ShaderAttributeSetRetained done
Event: 1.441 loading class javax/media/j3d/VertexArrayRenderMethod
Event: 1.441 loading class javax/media/j3d/VertexArrayRenderMethod done


Dynamic libraries:
00400000-00474000 r-xp 00000000 08:17 5505093                            /home/nicolas/m454_project/workR/build/exe_projectRobotran
00673000-00674000 r--p 00073000 08:17 5505093                            /home/nicolas/m454_project/workR/build/exe_projectRobotran
00674000-00675000 rw-p 00074000 08:17 5505093                            /home/nicolas/m454_project/workR/build/exe_projectRobotran
00675000-00676000 rw-p 00000000 00:00 0 
00ddb000-01997000 rw-p 00000000 00:00 0                                  [heap]
84600000-88880000 rw-p 00000000 00:00 0 
88880000-d6d00000 ---p 00000000 00:00 0 
d6d00000-e0b00000 rw-p 00000000 00:00 0 
e0b00000-100000000 ---p 00000000 00:00 0 
100000000-100260000 rw-p 00000000 00:00 0 
100260000-140000000 ---p 00000000 00:00 0 
7f1db8000000-7f1db8021000 rw-p 00000000 00:00 0 
7f1db8021000-7f1dbc000000 ---p 00000000 00:00 0 
7f1dc0000000-7f1dc00b4000 rw-p 00000000 00:00 0 
7f1dc00b4000-7f1dc4000000 ---p 00000000 00:00 0 
7f1dc4000000-7f1dc408f000 rw-p 00000000 00:00 0 
7f1dc408f000-7f1dc8000000 ---p 00000000 00:00 0 
7f1dc8000000-7f1dc8021000 rw-p 00000000 00:00 0 
7f1dc8021000-7f1dcc000000 ---p 00000000 00:00 0 
7f1dcc000000-7f1dcc021000 rw-p 00000000 00:00 0 
7f1dcc021000-7f1dd0000000 ---p 00000000 00:00 0 
7f1dd0000000-7f1dd0021000 rw-p 00000000 00:00 0 
7f1dd0021000-7f1dd4000000 ---p 00000000 00:00 0 
7f1dd4000000-7f1dd4021000 rw-p 00000000 00:00 0 
7f1dd4021000-7f1dd8000000 ---p 00000000 00:00 0 
7f1dd8000000-7f1dd8021000 rw-p 00000000 00:00 0 
7f1dd8021000-7f1ddc000000 ---p 00000000 00:00 0 
7f1ddc000000-7f1ddc037000 rw-p 00000000 00:00 0 
7f1ddc037000-7f1de0000000 ---p 00000000 00:00 0 
7f1de0000000-7f1de0021000 rw-p 00000000 00:00 0 
7f1de0021000-7f1de4000000 ---p 00000000 00:00 0 
7f1de4000000-7f1de4021000 rw-p 00000000 00:00 0 
7f1de4021000-7f1de8000000 ---p 00000000 00:00 0 
7f1de8000000-7f1de8021000 rw-p 00000000 00:00 0 
7f1de8021000-7f1dec000000 ---p 00000000 00:00 0 
7f1dec000000-7f1dec021000 rw-p 00000000 00:00 0 
7f1dec021000-7f1df0000000 ---p 00000000 00:00 0 
7f1df0000000-7f1df013f000 rw-p 00000000 00:00 0 
7f1df013f000-7f1df4000000 ---p 00000000 00:00 0 
7f1df4000000-7f1df5603000 rw-p 00000000 00:00 0 
7f1df5603000-7f1df8000000 ---p 00000000 00:00 0 
7f1df8000000-7f1df8021000 rw-p 00000000 00:00 0 
7f1df8021000-7f1dfc000000 ---p 00000000 00:00 0 
7f1dfc000000-7f1dfc021000 rw-p 00000000 00:00 0 
7f1dfc021000-7f1e00000000 ---p 00000000 00:00 0 
7f1e00000000-7f1e00021000 rw-p 00000000 00:00 0 
7f1e00021000-7f1e04000000 ---p 00000000 00:00 0 
7f1e04000000-7f1e04021000 rw-p 00000000 00:00 0 
7f1e04021000-7f1e08000000 ---p 00000000 00:00 0 
7f1e08000000-7f1e08021000 rw-p 00000000 00:00 0 
7f1e08021000-7f1e0c000000 ---p 00000000 00:00 0 
7f1e0c000000-7f1e0c021000 rw-p 00000000 00:00 0 
7f1e0c021000-7f1e10000000 ---p 00000000 00:00 0 
7f1e10000000-7f1e10456000 rw-p 00000000 00:00 0 
7f1e10456000-7f1e14000000 ---p 00000000 00:00 0 
7f1e14000000-7f1e14021000 rw-p 00000000 00:00 0 
7f1e14021000-7f1e18000000 ---p 00000000 00:00 0 
7f1e18000000-7f1e18326000 rw-p 00000000 00:00 0 
7f1e18326000-7f1e1c000000 ---p 00000000 00:00 0 
7f1e1c000000-7f1e1c5f9000 rw-p 00000000 00:00 0 
7f1e1c5f9000-7f1e20000000 ---p 00000000 00:00 0 
7f1e20000000-7f1e20361000 rw-p 00000000 00:00 0 
7f1e20361000-7f1e24000000 ---p 00000000 00:00 0 
7f1e2553c000-7f1e2c000000 r--p 00000000 08:03 155537                     /usr/lib/locale/locale-archive
7f1e2c000000-7f1e2c021000 rw-p 00000000 00:00 0 
7f1e2c021000-7f1e30000000 ---p 00000000 00:00 0 
7f1e30000000-7f1e30021000 rw-p 00000000 00:00 0 
7f1e30021000-7f1e34000000 ---p 00000000 00:00 0 
7f1e34000000-7f1e34021000 rw-p 00000000 00:00 0 
7f1e34021000-7f1e38000000 ---p 00000000 00:00 0 
7f1e38000000-7f1e38021000 rw-p 00000000 00:00 0 
7f1e38021000-7f1e3c000000 ---p 00000000 00:00 0 
7f1e3c000000-7f1e3c021000 rw-p 00000000 00:00 0 
7f1e3c021000-7f1e40000000 ---p 00000000 00:00 0 
7f1e43eff000-7f1e43f02000 ---p 00000000 00:00 0 
7f1e43f02000-7f1e44000000 rw-p 00000000 00:00 0 
7f1e44000000-7f1e44021000 rw-p 00000000 00:00 0 
7f1e44021000-7f1e48000000 ---p 00000000 00:00 0 
7f1e48000000-7f1e48021000 rw-p 00000000 00:00 0 
7f1e48021000-7f1e4c000000 ---p 00000000 00:00 0 
7f1e4c000000-7f1e4c021000 rw-p 00000000 00:00 0 
7f1e4c021000-7f1e50000000 ---p 00000000 00:00 0 
7f1e50728000-7f1e50878000 rw-s 00000000 00:05 1671176                    /SYSV00000000 (deleted)
7f1e50878000-7f1e5087b000 ---p 00000000 00:00 0 
7f1e5087b000-7f1e50979000 rw-p 00000000 00:00 0 
7f1e50979000-7f1e5097c000 ---p 00000000 00:00 0 
7f1e5097c000-7f1e50a7a000 rw-p 00000000 00:00 0 
7f1e50a7a000-7f1e50a7d000 ---p 00000000 00:00 0 
7f1e50a7d000-7f1e50b7b000 rw-p 00000000 00:00 0 
7f1e50b7b000-7f1e50b7e000 ---p 00000000 00:00 0 
7f1e50b7e000-7f1e50c7c000 rw-p 00000000 00:00 0 
7f1e50c7c000-7f1e50c7f000 ---p 00000000 00:00 0 
7f1e50c7f000-7f1e50d7d000 rw-p 00000000 00:00 0 
7f1e50d7d000-7f1e50d80000 ---p 00000000 00:00 0 
7f1e50d80000-7f1e50e7e000 rw-p 00000000 00:00 0 
7f1e50e7e000-7f1e50e81000 ---p 00000000 00:00 0 
7f1e50e81000-7f1e50f7f000 rw-p 00000000 00:00 0 
7f1e50f7f000-7f1e50f82000 ---p 00000000 00:00 0 
7f1e50f82000-7f1e51080000 rw-p 00000000 00:00 0 
7f1e51080000-7f1e51092000 r-xp 00000000 08:03 131135                     /usr/lib64/libgpg-error.so.0.19.1
7f1e51092000-7f1e51292000 ---p 00012000 08:03 131135                     /usr/lib64/libgpg-error.so.0.19.1
7f1e51292000-7f1e51293000 r--p 00012000 08:03 131135                     /usr/lib64/libgpg-error.so.0.19.1
7f1e51293000-7f1e51294000 rw-p 00013000 08:03 131135                     /usr/lib64/libgpg-error.so.0.19.1
7f1e51294000-7f1e51370000 r-xp 00000000 08:03 139453                     /usr/lib64/libgcrypt.so.20.0.6
7f1e51370000-7f1e5156f000 ---p 000dc000 08:03 139453                     /usr/lib64/libgcrypt.so.20.0.6
7f1e5156f000-7f1e51570000 r--p 000db000 08:03 139453                     /usr/lib64/libgcrypt.so.20.0.6
7f1e51570000-7f1e51578000 rw-p 000dc000 08:03 139453                     /usr/lib64/libgcrypt.so.20.0.6
7f1e51578000-7f1e51579000 rw-p 00000000 00:00 0 
7f1e51579000-7f1e515fc000 r-xp 00000000 08:03 140345                     /usr/lib64/libsystemd.so.0.9.0
7f1e515fc000-7f1e515ff000 r--p 00082000 08:03 140345                     /usr/lib64/libsystemd.so.0.9.0
7f1e515ff000-7f1e51600000 rw-p 00085000 08:03 140345                     /usr/lib64/libsystemd.so.0.9.0
7f1e51600000-7f1e51601000 rw-p 00000000 00:00 0 
7f1e51601000-7f1e5164f000 r-xp 00000000 08:03 149775                     /usr/lib64/libdbus-1.so.3.14.7
7f1e5164f000-7f1e5184f000 ---p 0004e000 08:03 149775                     /usr/lib64/libdbus-1.so.3.14.7
7f1e5184f000-7f1e51851000 r--p 0004e000 08:03 149775                     /usr/lib64/libdbus-1.so.3.14.7
7f1e51851000-7f1e51852000 rw-p 00050000 08:03 149775                     /usr/lib64/libdbus-1.so.3.14.7
7f1e51852000-7f1e51854000 r-xp 00000000 08:03 139646                     /usr/lib64/libXss.so.1.0.0
7f1e51854000-7f1e51a54000 ---p 00002000 08:03 139646                     /usr/lib64/libXss.so.1.0.0
7f1e51a54000-7f1e51a55000 r--p 00002000 08:03 139646                     /usr/lib64/libXss.so.1.0.0
7f1e51a55000-7f1e51a56000 rw-p 00003000 08:03 139646                     /usr/lib64/libXss.so.1.0.0
7f1e51a56000-7f1e51a60000 r-xp 00000000 08:03 139644                     /usr/lib64/libXrandr.so.2.2.0
7f1e51a60000-7f1e51c5f000 ---p 0000a000 08:03 139644                     /usr/lib64/libXrandr.so.2.2.0
7f1e51c5f000-7f1e51c60000 r--p 00009000 08:03 139644                     /usr/lib64/libXrandr.so.2.2.0
7f1e51c60000-7f1e51c61000 rw-p 0000a000 08:03 139644                     /usr/lib64/libXrandr.so.2.2.0
7f1e51c61000-7f1e51c63000 r-xp 00000000 08:03 139640                     /usr/lib64/libXinerama.so.1.0.0
7f1e51c63000-7f1e51e62000 ---p 00002000 08:03 139640                     /usr/lib64/libXinerama.so.1.0.0
7f1e51e62000-7f1e51e63000 r--p 00001000 08:03 139640                     /usr/lib64/libXinerama.so.1.0.0
7f1e51e63000-7f1e51e64000 rw-p 00002000 08:03 139640                     /usr/lib64/libXinerama.so.1.0.0
7f1e51e64000-7f1e51fe4000 rw-p 00000000 00:00 0 
7f1e51fe4000-7f1e52064000 ---p 00000000 00:00 0 
7f1e52064000-7f1e52075000 r-xp 00000000 08:03 407307                     /usr/lib/jvm/java-1.8.0-openjdk-1.8.0.102-1.b14.fc23.x86_64/jre/lib/amd64/libnio.so
7f1e52075000-7f1e52275000 ---p 00011000 08:03 407307                     /usr/lib/jvm/java-1.8.0-openjdk-1.8.0.102-1.b14.fc23.x86_64/jre/lib/amd64/libnio.so
7f1e52275000-7f1e52276000 r--p 00011000 08:03 407307                     /usr/lib/jvm/java-1.8.0-openjdk-1.8.0.102-1.b14.fc23.x86_64/jre/lib/amd64/libnio.so
7f1e52276000-7f1e52277000 rw-p 00012000 08:03 407307                     /usr/lib/jvm/java-1.8.0-openjdk-1.8.0.102-1.b14.fc23.x86_64/jre/lib/amd64/libnio.so
7f1e52277000-7f1e5228e000 r-xp 00000000 08:03 407304                     /usr/lib/jvm/java-1.8.0-openjdk-1.8.0.102-1.b14.fc23.x86_64/jre/lib/amd64/libnet.so
7f1e5228e000-7f1e5248d000 ---p 00017000 08:03 407304                     /usr/lib/jvm/java-1.8.0-openjdk-1.8.0.102-1.b14.fc23.x86_64/jre/lib/amd64/libnet.so
7f1e5248d000-7f1e5248e000 r--p 00016000 08:03 407304                     /usr/lib/jvm/java-1.8.0-openjdk-1.8.0.102-1.b14.fc23.x86_64/jre/lib/amd64/libnet.so
7f1e5248e000-7f1e5248f000 rw-p 00017000 08:03 407304                     /usr/lib/jvm/java-1.8.0-openjdk-1.8.0.102-1.b14.fc23.x86_64/jre/lib/amd64/libnet.so
7f1e5248f000-7f1e5268f000 rw-p 00000000 00:00 0 
7f1e5268f000-7f1e52692000 ---p 00000000 00:00 0 
7f1e52692000-7f1e52990000 rw-p 00000000 00:00 0 
7f1e52990000-7f1e52993000 ---p 00000000 00:00 0 
7f1e52993000-7f1e52a91000 rw-p 00000000 00:00 0 
7f1e52a91000-7f1e52a94000 ---p 00000000 00:00 0 
7f1e52a94000-7f1e52d92000 rw-p 00000000 00:00 0 
7f1e52d92000-7f1e52d9b000 r-xp 00000000 08:03 140390                     /usr/lib64/libpciaccess.so.0.11.1
7f1e52d9b000-7f1e52f9a000 ---p 00009000 08:03 140390                     /usr/lib64/libpciaccess.so.0.11.1
7f1e52f9a000-7f1e52f9b000 r--p 00008000 08:03 140390                     /usr/lib64/libpciaccess.so.0.11.1
7f1e52f9b000-7f1e52f9c000 rw-p 00000000 00:00 0 
7f1e52f9c000-7f1e52fa7000 r-xp 00000000 08:03 138344                     /usr/lib64/libdrm_radeon.so.1.0.1
7f1e52fa7000-7f1e531a6000 ---p 0000b000 08:03 138344                     /usr/lib64/libdrm_radeon.so.1.0.1
7f1e531a6000-7f1e531a7000 r--p 0000a000 08:03 138344                     /usr/lib64/libdrm_radeon.so.1.0.1
7f1e531a7000-7f1e531a8000 rw-p 00000000 00:00 0 
7f1e531a8000-7f1e531af000 r-xp 00000000 08:03 138343                     /usr/lib64/libdrm_nouveau.so.2.0.0
7f1e531af000-7f1e533ae000 ---p 00007000 08:03 138343                     /usr/lib64/libdrm_nouveau.so.2.0.0
7f1e533ae000-7f1e533af000 r--p 00006000 08:03 138343                     /usr/lib64/libdrm_nouveau.so.2.0.0
7f1e533af000-7f1e533b0000 rw-p 00000000 00:00 0 
7f1e533b0000-7f1e533d0000 r-xp 00000000 08:03 138342                     /usr/lib64/libdrm_intel.so.1.0.0
7f1e533d0000-7f1e535cf000 ---p 00020000 08:03 138342                     /usr/lib64/libdrm_intel.so.1.0.0
7f1e535cf000-7f1e535d0000 r--p 0001f000 08:03 138342                     /usr/lib64/libdrm_intel.so.1.0.0
7f1e535d0000-7f1e535d1000 rw-p 00020000 08:03 138342                     /usr/lib64/libdrm_intel.so.1.0.0
7f1e535d1000-7f1e53bba000 r-xp 00000000 08:03 268018                     /usr/lib64/dri/i965_dri.so
7f1e53bba000-7f1e53dba000 ---p 005e9000 08:03 268018                     /usr/lib64/dri/i965_dri.so
7f1e53dba000-7f1e53dec000 r--p 005e9000 08:03 268018                     /usr/lib64/dri/i965_dri.so
7f1e53dec000-7f1e53df2000 rw-p 0061b000 08:03 268018                     /usr/lib64/dri/i965_dri.so
7f1e53df2000-7f1e53dfa000 rw-p 00000000 00:00 0 
7f1e53dfa000-7f1e53dfe000 r-xp 00000000 08:03 139704                     /usr/lib64/libattr.so.1.1.0
7f1e53dfe000-7f1e53ffe000 ---p 00004000 08:03 139704                     /usr/lib64/libattr.so.1.1.0
7f1e53ffe000-7f1e53fff000 r--p 00004000 08:03 139704                     /usr/lib64/libattr.so.1.1.0
7f1e53fff000-7f1e54000000 rw-p 00000000 00:00 0 
7f1e54000000-7f1e54021000 rw-p 00000000 00:00 0 
7f1e54021000-7f1e58000000 ---p 00000000 00:00 0 
7f1e5804a000-7f1e5804d000 ---p 00000000 00:00 0 
7f1e5804d000-7f1e5814b000 rw-p 00000000 00:00 0 
7f1e5814b000-7f1e58162000 r-xp 00000000 08:03 140520                     /usr/lib64/libelf-0.166.so
7f1e58162000-7f1e58361000 ---p 00017000 08:03 140520                     /usr/lib64/libelf-0.166.so
7f1e58361000-7f1e58362000 r--p 00016000 08:03 140520                     /usr/lib64/libelf-0.166.so
7f1e58362000-7f1e58363000 rw-p 00017000 08:03 140520                     /usr/lib64/libelf-0.166.so
7f1e58363000-7f1e58367000 r-xp 00000000 08:03 139761                     /usr/lib64/libcap.so.2.24
7f1e58367000-7f1e58566000 ---p 00004000 08:03 139761                     /usr/lib64/libcap.so.2.24
7f1e58566000-7f1e58567000 r--p 00003000 08:03 139761                     /usr/lib64/libcap.so.2.24
7f1e58567000-7f1e58568000 rw-p 00004000 08:03 139761                     /usr/lib64/libcap.so.2.24
7f1e58568000-7f1e585af000 r-xp 00000000 08:03 142730                     /usr/lib64/libdw-0.166.so
7f1e585af000-7f1e587ae000 ---p 00047000 08:03 142730                     /usr/lib64/libdw-0.166.so
7f1e587ae000-7f1e587b1000 r--p 00046000 08:03 142730                     /usr/lib64/libdw-0.166.so
7f1e587b1000-7f1e587b2000 rw-p 00049000 08:03 142730                     /usr/lib64/libdw-0.166.so
7f1e587b2000-7f1e587c9000 r-xp 00000000 08:03 153773                     /usr/lib64/libresolv-2.22.so
7f1e587c9000-7f1e589c9000 ---p 00017000 08:03 153773                     /usr/lib64/libresolv-2.22.so
7f1e589c9000-7f1e589ca000 r--p 00017000 08:03 153773                     /usr/lib64/libresolv-2.22.so
7f1e589ca000-7f1e589cb000 rw-p 00018000 08:03 153773                     /usr/lib64/libresolv-2.22.so
7f1e589cb000-7f1e589cd000 rw-p 00000000 00:00 0 
7f1e589cd000-7f1e589d0000 ---p 00000000 00:00 0 
7f1e589d0000-7f1e58ace000 rw-p 00000000 00:00 0 
7f1e58ace000-7f1e58ad1000 ---p 00000000 00:00 0 
7f1e58ad1000-7f1e58bcf000 rw-p 00000000 00:00 0 
7f1e58bcf000-7f1e58bd2000 ---p 00000000 00:00 0 
7f1e58bd2000-7f1e58cd0000 rw-p 00000000 00:00 0 
7f1e58cd0000-7f1e58cd3000 ---p 00000000 00:00 0 
7f1e58cd3000-7f1e58dd1000 rw-p 00000000 00:00 0 
7f1e58dd1000-7f1e58dd4000 ---p 00000000 00:00 0 
7f1e58dd4000-7f1e590d2000 rw-p 00000000 00:00 0 
7f1e590d2000-7f1e59143000 r-xp 00000000 08:03 132150                     /usr/lib64/libpcre.so.1.2.7
7f1e59143000-7f1e59343000 ---p 00071000 08:03 132150                     /usr/lib64/libpcre.so.1.2.7
7f1e59343000-7f1e59344000 r--p 00071000 08:03 132150                     /usr/lib64/libpcre.so.1.2.7
7f1e59344000-7f1e59345000 rw-p 00072000 08:03 132150                     /usr/lib64/libpcre.so.1.2.7
7f1e59345000-7f1e59353000 r-xp 00000000 08:03 138340                     /usr/lib64/libdrm.so.2.4.0
7f1e59353000-7f1e59552000 ---p 0000e000 08:03 138340                     /usr/lib64/libdrm.so.2.4.0
7f1e59552000-7f1e59553000 r--p 0000d000 08:03 138340                     /usr/lib64/libdrm.so.2.4.0
7f1e59553000-7f1e59554000 rw-p 00000000 00:00 0 
7f1e59554000-7f1e59559000 r-xp 00000000 08:03 139654                     /usr/lib64/libXxf86vm.so.1.0.0
7f1e59559000-7f1e59758000 ---p 00005000 08:03 139654                     /usr/lib64/libXxf86vm.so.1.0.0
7f1e59758000-7f1e59759000 r--p 00004000 08:03 139654                     /usr/lib64/libXxf86vm.so.1.0.0
7f1e59759000-7f1e5975a000 rw-p 00005000 08:03 139654                     /usr/lib64/libXxf86vm.so.1.0.0
7f1e5975a000-7f1e5975e000 r-xp 00000000 08:03 139102                     /usr/lib64/libxcb-dri2.so.0.0.0
7f1e5975e000-7f1e5995d000 ---p 00004000 08:03 139102                     /usr/lib64/libxcb-dri2.so.0.0.0
7f1e5995d000-7f1e5995e000 r--p 00003000 08:03 139102                     /usr/lib64/libxcb-dri2.so.0.0.0
7f1e5995e000-7f1e5995f000 rw-p 00004000 08:03 139102                     /usr/lib64/libxcb-dri2.so.0.0.0
7f1e5995f000-7f1e59976000 r-xp 00000000 08:03 139105                     /usr/lib64/libxcb-glx.so.0.0.0
7f1e59976000-7f1e59b75000 ---p 00017000 08:03 139105                     /usr/lib64/libxcb-glx.so.0.0.0
7f1e59b75000-7f1e59b77000 r--p 00016000 08:03 139105                     /usr/lib64/libxcb-glx.so.0.0.0
7f1e59b77000-7f1e59b78000 rw-p 00018000 08:03 139105                     /usr/lib64/libxcb-glx.so.0.0.0
7f1e59b78000-7f1e59b79000 r-xp 00000000 08:03 139625                     /usr/lib64/libX11-xcb.so.1.0.0
7f1e59b79000-7f1e59d78000 ---p 00001000 08:03 139625                     /usr/lib64/libX11-xcb.so.1.0.0
7f1e59d78000-7f1e59d79000 r--p 00000000 08:03 139625                     /usr/lib64/libX11-xcb.so.1.0.0
7f1e59d79000-7f1e59d7a000 rw-p 00000000 00:00 0 
7f1e59d7a000-7f1e59d7c000 r-xp 00000000 08:03 139632                     /usr/lib64/libXdamage.so.1.1.0
7f1e59d7c000-7f1e59f7b000 ---p 00002000 08:03 139632                     /usr/lib64/libXdamage.so.1.1.0
7f1e59f7b000-7f1e59f7c000 r--p 00001000 08:03 139632                     /usr/lib64/libXdamage.so.1.1.0
7f1e59f7c000-7f1e59f7d000 rw-p 00000000 00:00 0 
7f1e59f7d000-7f1e59f9c000 r-xp 00000000 08:03 140513                     /usr/lib64/libselinux.so.1
7f1e59f9c000-7f1e5a19c000 ---p 0001f000 08:03 140513                     /usr/lib64/libselinux.so.1
7f1e5a19c000-7f1e5a19d000 r--p 0001f000 08:03 140513                     /usr/lib64/libselinux.so.1
7f1e5a19d000-7f1e5a19e000 rw-p 00020000 08:03 140513                     /usr/lib64/libselinux.so.1
7f1e5a19e000-7f1e5a1a0000 rw-p 00000000 00:00 0 
7f1e5a1a0000-7f1e5a1c9000 r-xp 00000000 08:03 140368                     /usr/lib64/libglapi.so.0.0.0
7f1e5a1c9000-7f1e5a3c9000 ---p 00029000 08:03 140368                     /usr/lib64/libglapi.so.0.0.0
7f1e5a3c9000-7f1e5a3cd000 r--p 00029000 08:03 140368                     /usr/lib64/libglapi.so.0.0.0
7f1e5a3cd000-7f1e5a3ce000 rw-p 0002d000 08:03 140368                     /usr/lib64/libglapi.so.0.0.0
7f1e5a3ce000-7f1e5a3cf000 rw-p 00000000 00:00 0 
7f1e5a3cf000-7f1e5a3d0000 r-xp 00000000 08:03 140721                     /usr/lib64/libxshmfence.so.1.0.0
7f1e5a3d0000-7f1e5a5d0000 ---p 00001000 08:03 140721                     /usr/lib64/libxshmfence.so.1.0.0
7f1e5a5d0000-7f1e5a5d1000 r--p 00001000 08:03 140721                     /usr/lib64/libxshmfence.so.1.0.0
7f1e5a5d1000-7f1e5a5d2000 rw-p 00000000 00:00 0 
7f1e5a5d2000-7f1e5a5d7000 r-xp 00000000 08:03 139118                     /usr/lib64/libxcb-sync.so.1.0.0
7f1e5a5d7000-7f1e5a7d7000 ---p 00005000 08:03 139118                     /usr/lib64/libxcb-sync.so.1.0.0
7f1e5a7d7000-7f1e5a7d8000 r--p 00005000 08:03 139118                     /usr/lib64/libxcb-sync.so.1.0.0
7f1e5a7d8000-7f1e5a7d9000 rw-p 00006000 08:03 139118                     /usr/lib64/libxcb-sync.so.1.0.0
7f1e5a7d9000-7f1e5a7dc000 r-xp 00000000 08:03 139116                     /usr/lib64/libxcb-shape.so.0.0.0
7f1e5a7dc000-7f1e5a9db000 ---p 00003000 08:03 139116                     /usr/lib64/libxcb-shape.so.0.0.0
7f1e5a9db000-7f1e5a9dc000 r--p 00002000 08:03 139116                     /usr/lib64/libxcb-shape.so.0.0.0
7f1e5a9dc000-7f1e5a9dd000 rw-p 00003000 08:03 139116                     /usr/lib64/libxcb-shape.so.0.0.0
7f1e5a9dd000-7f1e5a9e6000 r-xp 00000000 08:03 139113                     /usr/lib64/libxcb-render.so.0.0.0
7f1e5a9e6000-7f1e5abe5000 ---p 00009000 08:03 139113                     /usr/lib64/libxcb-render.so.0.0.0
7f1e5abe5000-7f1e5abe6000 r--p 00008000 08:03 139113                     /usr/lib64/libxcb-render.so.0.0.0
7f1e5abe6000-7f1e5abe7000 rw-p 00009000 08:03 139113                     /usr/lib64/libxcb-render.so.0.0.0
7f1e5abe7000-7f1e5abed000 r-xp 00000000 08:03 139122                     /usr/lib64/libxcb-xfixes.so.0.0.0
7f1e5abed000-7f1e5aded000 ---p 00006000 08:03 139122                     /usr/lib64/libxcb-xfixes.so.0.0.0
7f1e5aded000-7f1e5adee000 r--p 00006000 08:03 139122                     /usr/lib64/libxcb-xfixes.so.0.0.0
7f1e5adee000-7f1e5adef000 rw-p 00007000 08:03 139122                     /usr/lib64/libxcb-xfixes.so.0.0.0
7f1e5adef000-7f1e5adfb000 r-xp 00000000 08:03 139110                     /usr/lib64/libxcb-randr.so.0.1.0
7f1e5adfb000-7f1e5affb000 ---p 0000c000 08:03 139110                     /usr/lib64/libxcb-randr.so.0.1.0
7f1e5affb000-7f1e5affc000 r--p 0000c000 08:03 139110                     /usr/lib64/libxcb-randr.so.0.1.0
7f1e5affc000-7f1e5affd000 rw-p 0000d000 08:03 139110                     /usr/lib64/libxcb-randr.so.0.1.0
7f1e5affd000-7f1e5afff000 r-xp 00000000 08:03 139109                     /usr/lib64/libxcb-present.so.0.0.0
7f1e5afff000-7f1e5b1fe000 ---p 00002000 08:03 139109                     /usr/lib64/libxcb-present.so.0.0.0
7f1e5b1fe000-7f1e5b1ff000 r--p 00001000 08:03 139109                     /usr/lib64/libxcb-present.so.0.0.0
7f1e5b1ff000-7f1e5b200000 rw-p 00002000 08:03 139109                     /usr/lib64/libxcb-present.so.0.0.0
7f1e5b200000-7f1e5b202000 r-xp 00000000 08:03 139103                     /usr/lib64/libxcb-dri3.so.0.0.0
7f1e5b202000-7f1e5b401000 ---p 00002000 08:03 139103                     /usr/lib64/libxcb-dri3.so.0.0.0
7f1e5b401000-7f1e5b402000 r--p 00001000 08:03 139103                     /usr/lib64/libxcb-dri3.so.0.0.0
7f1e5b402000-7f1e5b403000 rw-p 00002000 08:03 139103                     /usr/lib64/libxcb-dri3.so.0.0.0
7f1e5b403000-7f1e5b42a000 r-xp 00000000 08:03 132223                     /usr/lib64/libexpat.so.1.6.0
7f1e5b42a000-7f1e5b629000 ---p 00027000 08:03 132223                     /usr/lib64/libexpat.so.1.6.0
7f1e5b629000-7f1e5b62c000 r--p 00026000 08:03 132223                     /usr/lib64/libexpat.so.1.6.0
7f1e5b62c000-7f1e5b62d000 rw-p 00000000 00:00 0 
7f1e5b62d000-7f1e5b643000 r-xp 00000000 08:03 147462                     /usr/lib64/libnsl-2.22.so
7f1e5b643000-7f1e5b842000 ---p 00016000 08:03 147462                     /usr/lib64/libnsl-2.22.so
7f1e5b842000-7f1e5b843000 r--p 00015000 08:03 147462                     /usr/lib64/libnsl-2.22.so
7f1e5b843000-7f1e5b844000 rw-p 00016000 08:03 147462                     /usr/lib64/libnsl-2.22.so
7f1e5b844000-7f1e5b846000 rw-p 00000000 00:00 0 
7f1e5b846000-7f1e5b8db000 r-xp 00000000 08:03 140409                     /usr/lib64/libGL.so.1.2.0
7f1e5b8db000-7f1e5bada000 ---p 00095000 08:03 140409                     /usr/lib64/libGL.so.1.2.0
7f1e5bada000-7f1e5badd000 r--p 00094000 08:03 140409                     /usr/lib64/libGL.so.1.2.0
7f1e5badd000-7f1e5bade000 rw-p 00097000 08:03 140409                     /usr/lib64/libGL.so.1.2.0
7f1e5bade000-7f1e5bafe000 r-xp 00000000 08:03 399574                     /usr/lib/jvm/java-1.8.0-openjdk-1.8.0.102-1.b14.fc23.x86_64/jre/lib/amd64/libj3dcore-ogl.so
7f1e5bafe000-7f1e5bbfd000 ---p 00020000 08:03 399574                     /usr/lib/jvm/java-1.8.0-openjdk-1.8.0.102-1.b14.fc23.x86_64/jre/lib/amd64/libj3dcore-ogl.so
7f1e5bbfd000-7f1e5bbfe000 rw-p 0001f000 08:03 399574                     /usr/lib/jvm/java-1.8.0-openjdk-1.8.0.102-1.b14.fc23.x86_64/jre/lib/amd64/libj3dcore-ogl.so
7f1e5bbfe000-7f1e5bbff000 r-xp 00000000 08:03 410444                     /usr/lib/jvm/java-1.8.0-openjdk-1.8.0.102-1.b14.fc23.x86_64/jre/lib/amd64/libjawt.so
7f1e5bbff000-7f1e5bdfe000 ---p 00001000 08:03 410444                     /usr/lib/jvm/java-1.8.0-openjdk-1.8.0.102-1.b14.fc23.x86_64/jre/lib/amd64/libjawt.so
7f1e5bdfe000-7f1e5bdff000 r--p 00000000 08:03 410444                     /usr/lib/jvm/java-1.8.0-openjdk-1.8.0.102-1.b14.fc23.x86_64/jre/lib/amd64/libjawt.so
7f1e5bdff000-7f1e5c000000 rw-p 00000000 00:00 0 
7f1e5c000000-7f1e5c021000 rw-p 00000000 00:00 0 
7f1e5c021000-7f1e60000000 ---p 00000000 00:00 0 
7f1e60037000-7f1e6003b000 r--s 00019000 08:17 5506651                    /home/nicolas/m454_project/mbsysCopy/mbsyspad/lib/matlabcontrol-4.0.0.jar
7f1e6003b000-7f1e60058000 r--s 0014f000 08:17 5506648                    /home/nicolas/m454_project/mbsysCopy/mbsyspad/lib/swingx-all-1.6.4.jar
7f1e60058000-7f1e60059000 r--s 00017000 08:17 5506640                    /home/nicolas/m454_project/mbsysCopy/mbsyspad/lib/j3D.jar
7f1e60059000-7f1e60064000 r--s 0011c000 08:03 406461                     /usr/lib/jvm/java-1.8.0-openjdk-1.8.0.102-1.b14.fc23.x86_64/jre/lib/ext/localedata.jar
7f1e60064000-7f1e6007f000 r--s 003b7000 08:03 410059                     /usr/lib/jvm/java-1.8.0-openjdk-1.8.0.102-1.b14.fc23.x86_64/jre/lib/ext/cldrdata.jar
7f1e600a2000-7f1e600aa000 rw-s 00000000 00:05 4650823                    /drm mm object (deleted)
7f1e600aa000-7f1e600b2000 rw-s 00000000 00:05 4650821                    /drm mm object (deleted)
7f1e600b4000-7f1e600b5000 rw-s 00000000 00:05 4659699                    /memfd:xshmfence (deleted)
7f1e600b5000-7f1e600b6000 rw-s 00000000 00:05 4659694                    /memfd:xshmfence (deleted)
7f1e600b6000-7f1e600be000 rw-s 00000000 00:05 4659689                    /drm mm object (deleted)
7f1e600be000-7f1e600dc000 r-xp 00000000 08:03 142733                     /usr/lib64/libudev.so.1.6.4
7f1e600dc000-7f1e600dd000 ---p 0001e000 08:03 142733                     /usr/lib64/libudev.so.1.6.4
7f1e600dd000-7f1e600de000 r--p 0001e000 08:03 142733                     /usr/lib64/libudev.so.1.6.4
7f1e600de000-7f1e600df000 rw-p 0001f000 08:03 142733                     /usr/lib64/libudev.so.1.6.4
7f1e600df000-7f1e600e0000 rw-s 1007fa000 00:06 2223                      /dev/dri/renderD128
7f1e600e0000-7f1e600e9000 rw-p 00000000 00:00 0 
7f1e600e9000-7f1e600f1000 rw-s 00000000 00:05 4650809                    /drm mm object (deleted)
7f1e600f1000-7f1e600f2000 rw-s 00000000 00:05 4650806                    /drm mm object (deleted)
7f1e600f2000-7f1e600fa000 rw-s 00000000 00:05 4650804                    /drm mm object (deleted)
7f1e600fa000-7f1e60101000 r--s 00000000 08:03 392722                     /usr/lib64/gconv/gconv-modules.cache
7f1e60101000-7f1e60102000 rw-p 00000000 00:00 0 
7f1e60102000-7f1e60104000 r--s 0004c000 08:17 5506644                    /home/nicolas/m454_project/mbsysCopy/mbsyspad/lib/vecmath.jar
7f1e60104000-7f1e60112000 r--s 00193000 08:17 5506653                    /home/nicolas/m454_project/mbsysCopy/mbsyspad/lib/j3dutils.jar
7f1e60112000-7f1e60115000 r--s 00018000 08:03 410423                     /usr/lib/jvm/java-1.8.0-openjdk-1.8.0.102-1.b14.fc23.x86_64/jre/lib/jce.jar
7f1e60115000-7f1e60119000 r--s 000b0000 08:03 410425                     /usr/lib/jvm/java-1.8.0-openjdk-1.8.0.102-1.b14.fc23.x86_64/jre/lib/jsse.jar
7f1e60119000-7f1e60125000 r--s 002c7000 08:17 5506650                    /home/nicolas/m454_project/mbsysCopy/mbsyspad/lib/j3dcore.jar
7f1e60125000-7f1e60130000 r--s 00108000 08:17 5506642                    /home/nicolas/m454_project/mbsysCopy/mbsyspad/lib/jogl.jar
7f1e60130000-7f1e60131000 r--s 00004000 08:17 5506645                    /home/nicolas/m454_project/mbsysCopy/mbsyspad/lib/gluegen-rt.jar
7f1e60131000-7f1e60132000 r--s 00001000 08:17 5506647                    /home/nicolas/m454_project/mbsysCopy/mbsyspad/lib/jnlp.jar
7f1e60132000-7f1e60136000 r--s 00020000 08:17 5506643                    /home/nicolas/m454_project/mbsysCopy/mbsyspad/lib/commons-digester-1.8.jar
7f1e60136000-7f1e60137000 r--s 00008000 08:17 5506639                    /home/nicolas/m454_project/mbsysCopy/mbsyspad/lib/commons-cli-1.1.jar
7f1e60137000-7f1e6013c000 r--s 0002a000 08:17 5506641                    /home/nicolas/m454_project/mbsysCopy/mbsyspad/lib/commons-beanutils.jar
7f1e6013c000-7f1e60142000 r--s 00056000 08:17 5506646                    /home/nicolas/m454_project/mbsysCopy/mbsyspad/lib/j3d-vrml97.jar
7f1e60142000-7f1e60144000 r--s 0002a000 08:17 5506638                    /home/nicolas/m454_project/mbsysCopy/mbsyspad/lib/MBsysComJ.jar
7f1e60144000-7f1e60147000 r--s 00023000 08:17 5506652                    /home/nicolas/m454_project/mbsysCopy/mbsyspad/lib/jdom.jar
7f1e60147000-7f1e6014d000 r--s 00047000 08:17 5506649                    /home/nicolas/m454_project/mbsysCopy/mbsyspad/lib/flamingo.jar
7f1e6014d000-7f1e6014f000 r--s 00000000 08:16 3096                       /var/cache/fontconfig/87f5e051180a7a75f16eb6fe7dbd3749-le64.cache-7
7f1e6014f000-7f1e6015a000 r--s 00000000 08:16 2852                       /var/cache/fontconfig/b79f3aaa7d385a141ab53ec885cc22a8-le64.cache-7
7f1e6015a000-7f1e6015c000 r--s 00000000 08:16 3128                       /var/cache/fontconfig/711dae798b6bff4224ea2776edcb5c93-le64.cache-7
7f1e6015c000-7f1e6015e000 r--s 00000000 08:16 3127                       /var/cache/fontconfig/3f821257dd33660ba7bbb45c32deb84c-le64.cache-7
7f1e6015e000-7f1e6015f000 r--s 00000000 08:16 3126                       /var/cache/fontconfig/4e602040080c966cb821813a3e584564-le64.cache-7
7f1e6015f000-7f1e60162000 r--s 00000000 08:16 3125                       /var/cache/fontconfig/830f035fa84a65ce80e050178dbb630d-le64.cache-7
7f1e60162000-7f1e60163000 r--s 00000000 08:16 3124                       /var/cache/fontconfig/81a173283b451552b599cfaafd6236bd-le64.cache-7
7f1e60163000-7f1e60164000 r--s 00000000 08:16 3123                       /var/cache/fontconfig/ac68f755438cc3dc5a526084839fc7ca-le64.cache-7
7f1e60164000-7f1e60165000 r--s 00000000 08:16 3122                       /var/cache/fontconfig/f951a6bc01c50d58ac4af16a0108457e-le64.cache-7
7f1e60165000-7f1e60168000 ---p 00000000 00:00 0 
7f1e60168000-7f1e60266000 rw-p 00000000 00:00 0 
7f1e60266000-7f1e6026b000 r-xp 00000000 08:03 139636                     /usr/lib64/libXfixes.so.3.1.0
7f1e6026b000-7f1e6046a000 ---p 00005000 08:03 139636                     /usr/lib64/libXfixes.so.3.1.0
7f1e6046a000-7f1e6046b000 r--p 00004000 08:03 139636                     /usr/lib64/libXfixes.so.3.1.0
7f1e6046b000-7f1e6046c000 rw-p 00005000 08:03 139636                     /usr/lib64/libXfixes.so.3.1.0
7f1e6046c000-7f1e60476000 r-xp 00000000 08:03 139631                     /usr/lib64/libXcursor.so.1.0.2
7f1e60476000-7f1e60675000 ---p 0000a000 08:03 139631                     /usr/lib64/libXcursor.so.1.0.2
7f1e60675000-7f1e60676000 r--p 00009000 08:03 139631                     /usr/lib64/libXcursor.so.1.0.2
7f1e60676000-7f1e60677000 rw-p 00000000 00:00 0 
7f1e60677000-7f1e60678000 r--s 00000000 08:16 3121                       /var/cache/fontconfig/8cab66d8f642305e525ba3e322d0979c-le64.cache-7
7f1e60678000-7f1e60679000 r--s 00000000 08:16 3120                       /var/cache/fontconfig/12513961c6e7090f8648812f9eaf65d6-le64.cache-7
7f1e60679000-7f1e6067a000 r--s 00000000 08:16 3119                       /var/cache/fontconfig/f132fa2327207a6ac3298c0518879731-le64.cache-7
7f1e6067a000-7f1e6067c000 r--s 00000000 08:16 3118                       /var/cache/fontconfig/24519658f39a9a57c166fbf43ca6e79f-le64.cache-7
7f1e6067c000-7f1e6067d000 r--s 00000000 08:16 3117                       /var/cache/fontconfig/6fcb01a03a016cc71057b587cdea6709-le64.cache-7
7f1e6067d000-7f1e60681000 r--s 00000000 08:16 3116                       /var/cache/fontconfig/cfde08ab28ad1d91784abb10973575e3-le64.cache-7
7f1e60681000-7f1e60682000 r--s 00000000 08:16 3115                       /var/cache/fontconfig/b887eea8f1b96e1d899b44ed6681fc27-le64.cache-7
7f1e60682000-7f1e60683000 r--s 00000000 08:16 3114                       /var/cache/fontconfig/860639f272b8b4b3094f9e399e41bccd-le64.cache-7
7f1e60683000-7f1e60684000 r--s 00000000 08:16 3113                       /var/cache/fontconfig/5d33f04e74a97395cf88bbd83847f1f1-le64.cache-7
7f1e60684000-7f1e60685000 r--s 00000000 08:16 3112                       /var/cache/fontconfig/df893b4576ad6107f9397134092c4059-le64.cache-7
7f1e60685000-7f1e60686000 r--s 00000000 08:16 3111                       /var/cache/fontconfig/1e1e03b57ed9f0c723c5aeafda46c3fb-le64.cache-7
7f1e60686000-7f1e60687000 r--s 00000000 08:16 3110                       /var/cache/fontconfig/900402270e15d763a6e008bb2d4c7686-le64.cache-7
7f1e60687000-7f1e6069a000 r--s 00000000 08:16 3098                       /var/cache/fontconfig/614d1caaa4d7914789410f6367de37ca-le64.cache-7
7f1e6069a000-7f1e6069d000 ---p 00000000 00:00 0 
7f1e6069d000-7f1e6079b000 rw-p 00000000 00:00 0 
7f1e6079b000-7f1e607ec000 r-xp 00000000 08:03 406509                     /usr/lib/jvm/java-1.8.0-openjdk-1.8.0.102-1.b14.fc23.x86_64/jre/lib/amd64/libfontmanager.so
7f1e607ec000-7f1e609eb000 ---p 00051000 08:03 406509                     /usr/lib/jvm/java-1.8.0-openjdk-1.8.0.102-1.b14.fc23.x86_64/jre/lib/amd64/libfontmanager.so
7f1e609eb000-7f1e609ee000 r--p 00050000 08:03 406509                     /usr/lib/jvm/java-1.8.0-openjdk-1.8.0.102-1.b14.fc23.x86_64/jre/lib/amd64/libfontmanager.so
7f1e609ee000-7f1e609ef000 rw-p 00053000 08:03 406509                     /usr/lib/jvm/java-1.8.0-openjdk-1.8.0.102-1.b14.fc23.x86_64/jre/lib/amd64/libfontmanager.so
7f1e609ef000-7f1e609f1000 r-xp 00000000 08:03 139628                     /usr/lib64/libXau.so.6.0.0
7f1e609f1000-7f1e60bf1000 ---p 00002000 08:03 139628                     /usr/lib64/libXau.so.6.0.0
7f1e60bf1000-7f1e60bf2000 r--p 00002000 08:03 139628                     /usr/lib64/libXau.so.6.0.0
7f1e60bf2000-7f1e60bf3000 rw-p 00000000 00:00 0 
7f1e60bf3000-7f1e60c14000 r-xp 00000000 08:03 139130                     /usr/lib64/libxcb.so.1.1.0
7f1e60c14000-7f1e60e13000 ---p 00021000 08:03 139130                     /usr/lib64/libxcb.so.1.1.0
7f1e60e13000-7f1e60e14000 r--p 00020000 08:03 139130                     /usr/lib64/libxcb.so.1.1.0
7f1e60e14000-7f1e60e15000 rw-p 00021000 08:03 139130                     /usr/lib64/libxcb.so.1.1.0
7f1e60e15000-7f1e60e24000 r-xp 00000000 08:03 138164                     /usr/lib64/libXi.so.6.1.0
7f1e60e24000-7f1e61023000 ---p 0000f000 08:03 138164                     /usr/lib64/libXi.so.6.1.0
7f1e61023000-7f1e61024000 r--p 0000e000 08:03 138164                     /usr/lib64/libXi.so.6.1.0
7f1e61024000-7f1e61025000 rw-p 0000f000 08:03 138164                     /usr/lib64/libXi.so.6.1.0
7f1e61025000-7f1e6102a000 r-xp 00000000 08:03 139648                     /usr/lib64/libXtst.so.6.1.0
7f1e6102a000-7f1e61229000 ---p 00005000 08:03 139648                     /usr/lib64/libXtst.so.6.1.0
7f1e61229000-7f1e6122a000 r--p 00004000 08:03 139648                     /usr/lib64/libXtst.so.6.1.0
7f1e6122a000-7f1e6122b000 rw-p 00005000 08:03 139648                     /usr/lib64/libXtst.so.6.1.0
7f1e6122b000-7f1e6122d000 r-xp 00000000 08:03 139630                     /usr/lib64/libXcomposite.so.1.0.0
7f1e6122d000-7f1e6142c000 ---p 00002000 08:03 139630                     /usr/lib64/libXcomposite.so.1.0.0
7f1e6142c000-7f1e6142d000 r--p 00001000 08:03 139630                     /usr/lib64/libXcomposite.so.1.0.0
7f1e6142d000-7f1e6142e000 rw-p 00000000 00:00 0 
7f1e6142e000-7f1e61437000 r-xp 00000000 08:03 139645                     /usr/lib64/libXrender.so.1.3.0
7f1e61437000-7f1e61637000 ---p 00009000 08:03 139645                     /usr/lib64/libXrender.so.1.3.0
7f1e61637000-7f1e61638000 r--p 00009000 08:03 139645                     /usr/lib64/libXrender.so.1.3.0
7f1e61638000-7f1e61639000 rw-p 0000a000 08:03 139645                     /usr/lib64/libXrender.so.1.3.0
7f1e61639000-7f1e61773000 r-xp 00000000 08:03 139626                     /usr/lib64/libX11.so.6.3.0
7f1e61773000-7f1e61972000 ---p 0013a000 08:03 139626                     /usr/lib64/libX11.so.6.3.0
7f1e61972000-7f1e61975000 r--p 00139000 08:03 139626                     /usr/lib64/libX11.so.6.3.0
7f1e61975000-7f1e61979000 rw-p 0013c000 08:03 139626                     /usr/lib64/libX11.so.6.3.0
7f1e61979000-7f1e6198a000 r-xp 00000000 08:03 139635                     /usr/lib64/libXext.so.6.4.0
7f1e6198a000-7f1e61b89000 ---p 00011000 08:03 139635                     /usr/lib64/libXext.so.6.4.0
7f1e61b89000-7f1e61b8a000 r--p 00010000 08:03 139635                     /usr/lib64/libXext.so.6.4.0
7f1e61b8a000-7f1e61b8b000 rw-p 00011000 08:03 139635                     /usr/lib64/libXext.so.6.4.0
7f1e61b8b000-7f1e61b8c000 r--s 00000000 08:16 3109                       /var/cache/fontconfig/47f48679023f44a4d1e44699a69464f6-le64.cache-7
7f1e61b8c000-7f1e61b8d000 r--s 00000000 08:16 3108                       /var/cache/fontconfig/2881ed3fd21ca306ddad6f9b0dd3189f-le64.cache-7
7f1e61b8d000-7f1e61b8e000 r--s 00000000 08:16 3107                       /var/cache/fontconfig/3c3fb04d32a5211b073874b125d29701-le64.cache-7
7f1e61b8e000-7f1e61b93000 r--s 00000000 08:16 3105                       /var/cache/fontconfig/b67b32625a2bb51b023d3814a918f351-le64.cache-7
7f1e61b93000-7f1e61b97000 r--s 00000000 08:16 3102                       /var/cache/fontconfig/18139c3e8b34ff597793f51d026ba085-le64.cache-7
7f1e61b97000-7f1e61b9b000 r--s 00000000 08:16 1740                       /var/cache/fontconfig/7ee6df7a8311986241317a58487e0145-le64.cache-7
7f1e61b9b000-7f1e61bae000 r--s 00346000 08:03 406448                     /usr/lib/jvm/java-1.8.0-openjdk-1.8.0.102-1.b14.fc23.x86_64/jre/lib/resources.jar
7f1e61bae000-7f1e61c03000 r-xp 00000000 08:03 410443                     /usr/lib/jvm/java-1.8.0-openjdk-1.8.0.102-1.b14.fc23.x86_64/jre/lib/amd64/libawt_xawt.so
7f1e61c03000-7f1e61e03000 ---p 00055000 08:03 410443                     /usr/lib/jvm/java-1.8.0-openjdk-1.8.0.102-1.b14.fc23.x86_64/jre/lib/amd64/libawt_xawt.so
7f1e61e03000-7f1e61e04000 r--p 00055000 08:03 410443                     /usr/lib/jvm/java-1.8.0-openjdk-1.8.0.102-1.b14.fc23.x86_64/jre/lib/amd64/libawt_xawt.so
7f1e61e04000-7f1e61e06000 rw-p 00056000 08:03 410443                     /usr/lib/jvm/java-1.8.0-openjdk-1.8.0.102-1.b14.fc23.x86_64/jre/lib/amd64/libawt_xawt.so
7f1e61e06000-7f1e61e08000 rw-p 00000000 00:00 0 
7f1e61e08000-7f1e61ea9000 r-xp 00000000 08:03 406506                     /usr/lib/jvm/java-1.8.0-openjdk-1.8.0.102-1.b14.fc23.x86_64/jre/lib/amd64/libawt.so
7f1e61ea9000-7f1e620a9000 ---p 000a1000 08:03 406506                     /usr/lib/jvm/java-1.8.0-openjdk-1.8.0.102-1.b14.fc23.x86_64/jre/lib/amd64/libawt.so
7f1e620a9000-7f1e620aa000 r--p 000a1000 08:03 406506                     /usr/lib/jvm/java-1.8.0-openjdk-1.8.0.102-1.b14.fc23.x86_64/jre/lib/amd64/libawt.so
7f1e620aa000-7f1e620b5000 rw-p 000a2000 08:03 406506                     /usr/lib/jvm/java-1.8.0-openjdk-1.8.0.102-1.b14.fc23.x86_64/jre/lib/amd64/libawt.so
7f1e620b5000-7f1e620da000 rw-p 00000000 00:00 0 
7f1e620da000-7f1e620db000 ---p 00000000 00:00 0 
7f1e620db000-7f1e621db000 rw-p 00000000 00:00 0 
7f1e621db000-7f1e621de000 ---p 00000000 00:00 0 
7f1e621de000-7f1e622dc000 rw-p 00000000 00:00 0 
7f1e622dc000-7f1e622df000 ---p 00000000 00:00 0 
7f1e622df000-7f1e623dd000 rw-p 00000000 00:00 0 
7f1e623dd000-7f1e623e0000 ---p 00000000 00:00 0 
7f1e623e0000-7f1e624de000 rw-p 00000000 00:00 0 
7f1e624de000-7f1e624e1000 ---p 00000000 00:00 0 
7f1e624e1000-7f1e625df000 rw-p 00000000 00:00 0 
7f1e625df000-7f1e625e2000 ---p 00000000 00:00 0 
7f1e625e2000-7f1e626e0000 rw-p 00000000 00:00 0 
7f1e626e0000-7f1e626e3000 ---p 00000000 00:00 0 
7f1e626e3000-7f1e627e1000 rw-p 00000000 00:00 0 
7f1e627e1000-7f1e627e4000 ---p 00000000 00:00 0 
7f1e627e4000-7f1e628e2000 rw-p 00000000 00:00 0 
7f1e628e2000-7f1e628e5000 ---p 00000000 00:00 0 
7f1e628e5000-7f1e629e3000 rw-p 00000000 00:00 0 
7f1e629e3000-7f1e629e4000 ---p 00000000 00:00 0 
7f1e629e4000-7f1e64000000 rw-p 00000000 00:00 0 
7f1e64000000-7f1e64021000 rw-p 00000000 00:00 0 
7f1e64021000-7f1e68000000 ---p 00000000 00:00 0 
7f1e68000000-7f1e68002000 r--s 00000000 08:16 3104                       /var/cache/fontconfig/d3379abda271c4acd2ad0c01f565d0b0-le64.cache-7
7f1e68002000-7f1e6800d000 r--s 00000000 08:16 3097                       /var/cache/fontconfig/12b26b760a24f8b4feb03ad48a333a72-le64.cache-7
7f1e6800d000-7f1e6c000000 rw-p 00000000 00:00 0 
7f1e6c000000-7f1e6c021000 rw-p 00000000 00:00 0 
7f1e6c021000-7f1e70000000 ---p 00000000 00:00 0 
7f1e70000000-7f1e70001000 r--s 00000000 08:16 3106                       /var/cache/fontconfig/e61abf8156cc476151baa07d67337cae-le64.cache-7
7f1e70001000-7f1e70003000 r--s 00000000 08:16 3100                       /var/cache/fontconfig/99a1ce9f8b6a0434aadb01d3779b0780-le64.cache-7
7f1e70003000-7f1e70012000 r--s 0008c000 08:17 5506369                    /home/nicolas/m454_project/mbsysCopy/mbsyspad/MBsysPad.jar
7f1e70012000-7f1e7001e000 r--s 002c7000 08:03 399527                     /usr/lib/jvm/java-1.8.0-openjdk-1.8.0.102-1.b14.fc23.x86_64/jre/lib/ext/j3dcore.jar
7f1e7001e000-7f1e70523000 rw-p 00000000 00:00 0 
7f1e70523000-7f1e706f1000 r--s 043c7000 08:03 410435                     /usr/lib/jvm/java-1.8.0-openjdk-1.8.0.102-1.b14.fc23.x86_64/jre/lib/rt.jar
7f1e706f1000-7f1e71344000 rw-p 00000000 00:00 0 
7f1e71344000-7f1e71345000 ---p 00000000 00:00 0 
7f1e71345000-7f1e71445000 rw-p 00000000 00:00 0 
7f1e71445000-7f1e71446000 ---p 00000000 00:00 0 
7f1e71446000-7f1e71546000 rw-p 00000000 00:00 0 
7f1e71546000-7f1e71547000 ---p 00000000 00:00 0 
7f1e71547000-7f1e71647000 rw-p 00000000 00:00 0 
7f1e71647000-7f1e71648000 ---p 00000000 00:00 0 
7f1e71648000-7f1e71748000 rw-p 00000000 00:00 0 
7f1e71748000-7f1e71749000 ---p 00000000 00:00 0 
7f1e71749000-7f1e71849000 rw-p 00000000 00:00 0 
7f1e71849000-7f1e7184a000 ---p 00000000 00:00 0 
7f1e7184a000-7f1e7194a000 rw-p 00000000 00:00 0 
7f1e7194a000-7f1e7194b000 ---p 00000000 00:00 0 
7f1e7194b000-7f1e71a4b000 rw-p 00000000 00:00 0 
7f1e71a4b000-7f1e71a4c000 ---p 00000000 00:00 0 
7f1e71a4c000-7f1e71b6e000 rw-p 00000000 00:00 0 
7f1e71b6e000-7f1e71de0000 ---p 00000000 00:00 0 
7f1e71de0000-7f1e71e02000 rw-p 00000000 00:00 0 
7f1e71e02000-7f1e72073000 ---p 00000000 00:00 0 
7f1e72073000-7f1e720c3000 rw-p 00000000 00:00 0 
7f1e720c3000-7f1e721bd000 ---p 00000000 00:00 0 
7f1e721bd000-7f1e721dc000 rw-p 00000000 00:00 0 
7f1e721dc000-7f1e7257e000 ---p 00000000 00:00 0 
7f1e7257e000-7f1e72cce000 rwxp 00000000 00:00 0 
7f1e72cce000-7f1e8157e000 ---p 00000000 00:00 0 
7f1e8157e000-7f1e81586000 r-xp 00000000 08:03 407367                     /usr/lib/jvm/java-1.8.0-openjdk-1.8.0.102-1.b14.fc23.x86_64/jre/lib/amd64/libzip.so
7f1e81586000-7f1e81785000 ---p 00008000 08:03 407367                     /usr/lib/jvm/java-1.8.0-openjdk-1.8.0.102-1.b14.fc23.x86_64/jre/lib/amd64/libzip.so
7f1e81785000-7f1e81786000 r--p 00007000 08:03 407367                     /usr/lib/jvm/java-1.8.0-openjdk-1.8.0.102-1.b14.fc23.x86_64/jre/lib/amd64/libzip.so
7f1e81786000-7f1e81787000 rw-p 00000000 00:00 0 
7f1e81787000-7f1e81792000 r-xp 00000000 08:03 151616                     /usr/lib64/libnss_files-2.22.so
7f1e81792000-7f1e81991000 ---p 0000b000 08:03 151616                     /usr/lib64/libnss_files-2.22.so
7f1e81991000-7f1e81992000 r--p 0000a000 08:03 151616                     /usr/lib64/libnss_files-2.22.so
7f1e81992000-7f1e81993000 rw-p 0000b000 08:03 151616                     /usr/lib64/libnss_files-2.22.so
7f1e81993000-7f1e81999000 rw-p 00000000 00:00 0 
7f1e81999000-7f1e819c6000 r-xp 00000000 08:03 406550                     /usr/lib/jvm/java-1.8.0-openjdk-1.8.0.102-1.b14.fc23.x86_64/jre/lib/amd64/libjava.so
7f1e819c6000-7f1e81bc6000 ---p 0002d000 08:03 406550                     /usr/lib/jvm/java-1.8.0-openjdk-1.8.0.102-1.b14.fc23.x86_64/jre/lib/amd64/libjava.so
7f1e81bc6000-7f1e81bc7000 r--p 0002d000 08:03 406550                     /usr/lib/jvm/java-1.8.0-openjdk-1.8.0.102-1.b14.fc23.x86_64/jre/lib/amd64/libjava.so
7f1e81bc7000-7f1e81bc8000 rw-p 0002e000 08:03 406550                     /usr/lib/jvm/java-1.8.0-openjdk-1.8.0.102-1.b14.fc23.x86_64/jre/lib/amd64/libjava.so
7f1e81bc8000-7f1e81bc9000 rw-p 00000000 00:00 0 
7f1e81bc9000-7f1e81bd6000 r-xp 00000000 08:03 407364                     /usr/lib/jvm/java-1.8.0-openjdk-1.8.0.102-1.b14.fc23.x86_64/jre/lib/amd64/libverify.so
7f1e81bd6000-7f1e81dd5000 ---p 0000d000 08:03 407364                     /usr/lib/jvm/java-1.8.0-openjdk-1.8.0.102-1.b14.fc23.x86_64/jre/lib/amd64/libverify.so
7f1e81dd5000-7f1e81dd7000 r--p 0000c000 08:03 407364                     /usr/lib/jvm/java-1.8.0-openjdk-1.8.0.102-1.b14.fc23.x86_64/jre/lib/amd64/libverify.so
7f1e81dd7000-7f1e84d78000 rw-p 00000000 00:00 0 
7f1e84d78000-7f1e84da9000 r-xp 00000000 08:03 140893                     /usr/lib64/libpng16.so.16.23.0
7f1e84da9000-7f1e84fa9000 ---p 00031000 08:03 140893                     /usr/lib64/libpng16.so.16.23.0
7f1e84fa9000-7f1e84faa000 r--p 00031000 08:03 140893                     /usr/lib64/libpng16.so.16.23.0
7f1e84faa000-7f1e84fab000 rw-p 00000000 00:00 0 
7f1e84fab000-7f1e84fba000 r-xp 00000000 08:03 138266                     /usr/lib64/libbz2.so.1.0.6
7f1e84fba000-7f1e851b9000 ---p 0000f000 08:03 138266                     /usr/lib64/libbz2.so.1.0.6
7f1e851b9000-7f1e851ba000 r--p 0000e000 08:03 138266                     /usr/lib64/libbz2.so.1.0.6
7f1e851ba000-7f1e851bb000 rw-p 0000f000 08:03 138266                     /usr/lib64/libbz2.so.1.0.6
7f1e851bb000-7f1e8525e000 r-xp 00000000 08:03 139873                     /usr/lib64/libfreetype.so.6.12.0
7f1e8525e000-7f1e8545e000 ---p 000a3000 08:03 139873                     /usr/lib64/libfreetype.so.6.12.0
7f1e8545e000-7f1e85464000 r--p 000a3000 08:03 139873                     /usr/lib64/libfreetype.so.6.12.0
7f1e85464000-7f1e85465000 rw-p 00000000 00:00 0 
7f1e85465000-7f1e8546c000 r-xp 00000000 08:03 153776                     /usr/lib64/librt-2.22.so
7f1e8546c000-7f1e8566b000 ---p 00007000 08:03 153776                     /usr/lib64/librt-2.22.so
7f1e8566b000-7f1e8566c000 r--p 00006000 08:03 153776                     /usr/lib64/librt-2.22.so
7f1e8566c000-7f1e8566d000 rw-p 00007000 08:03 153776                     /usr/lib64/librt-2.22.so
7f1e8566d000-7f1e85685000 r-xp 00000000 08:03 138794                     /usr/lib64/libpthread-2.22.so
7f1e85685000-7f1e85884000 ---p 00018000 08:03 138794                     /usr/lib64/libpthread-2.22.so
7f1e85884000-7f1e85886000 r--p 00017000 08:03 138794                     /usr/lib64/libpthread-2.22.so
7f1e85886000-7f1e85887000 rw-p 00019000 08:03 138794                     /usr/lib64/libpthread-2.22.so
7f1e85887000-7f1e8588b000 rw-p 00000000 00:00 0 
7f1e8588b000-7f1e858b0000 r-xp 00000000 08:03 140248                     /usr/lib64/liblzma.so.5.2.1
7f1e858b0000-7f1e85aaf000 ---p 00025000 08:03 140248                     /usr/lib64/liblzma.so.5.2.1
7f1e85aaf000-7f1e85ab0000 r--p 00024000 08:03 140248                     /usr/lib64/liblzma.so.5.2.1
7f1e85ab0000-7f1e85ab1000 rw-p 00000000 00:00 0 
7f1e85ab1000-7f1e85ac6000 r-xp 00000000 08:03 140726                     /usr/lib64/libz.so.1.2.8
7f1e85ac6000-7f1e85cc5000 ---p 00015000 08:03 140726                     /usr/lib64/libz.so.1.2.8
7f1e85cc5000-7f1e85cc6000 r--p 00014000 08:03 140726                     /usr/lib64/libz.so.1.2.8
7f1e85cc6000-7f1e85cc7000 rw-p 00015000 08:03 140726                     /usr/lib64/libz.so.1.2.8
7f1e85cc7000-7f1e85e7e000 r-xp 00000000 08:03 138567                     /usr/lib64/libc-2.22.so
7f1e85e7e000-7f1e8607e000 ---p 001b7000 08:03 138567                     /usr/lib64/libc-2.22.so
7f1e8607e000-7f1e86082000 r--p 001b7000 08:03 138567                     /usr/lib64/libc-2.22.so
7f1e86082000-7f1e86084000 rw-p 001bb000 08:03 138567                     /usr/lib64/libc-2.22.so
7f1e86084000-7f1e86088000 rw-p 00000000 00:00 0 
7f1e86088000-7f1e8609e000 r-xp 00000000 08:03 161611                     /usr/lib64/libgcc_s-5.3.1-20160406.so.1
7f1e8609e000-7f1e8629d000 ---p 00016000 08:03 161611                     /usr/lib64/libgcc_s-5.3.1-20160406.so.1
7f1e8629d000-7f1e8629e000 r--p 00015000 08:03 161611                     /usr/lib64/libgcc_s-5.3.1-20160406.so.1
7f1e8629e000-7f1e8629f000 rw-p 00016000 08:03 161611                     /usr/lib64/libgcc_s-5.3.1-20160406.so.1
7f1e8629f000-7f1e86411000 r-xp 00000000 08:03 141552                     /usr/lib64/libstdc++.so.6.0.21
7f1e86411000-7f1e86611000 ---p 00172000 08:03 141552                     /usr/lib64/libstdc++.so.6.0.21
7f1e86611000-7f1e8661b000 r--p 00172000 08:03 141552                     /usr/lib64/libstdc++.so.6.0.21
7f1e8661b000-7f1e8661d000 rw-p 0017c000 08:03 141552                     /usr/lib64/libstdc++.so.6.0.21
7f1e8661d000-7f1e86621000 rw-p 00000000 00:00 0 
7f1e86621000-7f1e86722000 r-xp 00000000 08:03 142659                     /usr/lib64/libm-2.22.so
7f1e86722000-7f1e86921000 ---p 00101000 08:03 142659                     /usr/lib64/libm-2.22.so
7f1e86921000-7f1e86922000 r--p 00100000 08:03 142659                     /usr/lib64/libm-2.22.so
7f1e86922000-7f1e86923000 rw-p 00101000 08:03 142659                     /usr/lib64/libm-2.22.so
7f1e86923000-7f1e86926000 r-xp 00000000 08:03 141216                     /usr/lib64/libdl-2.22.so
7f1e86926000-7f1e86b25000 ---p 00003000 08:03 141216                     /usr/lib64/libdl-2.22.so
7f1e86b25000-7f1e86b26000 r--p 00002000 08:03 141216                     /usr/lib64/libdl-2.22.so
7f1e86b26000-7f1e86b27000 rw-p 00003000 08:03 141216                     /usr/lib64/libdl-2.22.so
7f1e86b27000-7f1e87779000 r-xp 00000000 08:03 409577                     /usr/lib/jvm/java-1.8.0-openjdk-1.8.0.102-1.b14.fc23.x86_64/jre/lib/amd64/server/libjvm.so
7f1e87779000-7f1e87979000 ---p 00c52000 08:03 409577                     /usr/lib/jvm/java-1.8.0-openjdk-1.8.0.102-1.b14.fc23.x86_64/jre/lib/amd64/server/libjvm.so
7f1e87979000-7f1e87a0c000 r--p 00c52000 08:03 409577                     /usr/lib/jvm/java-1.8.0-openjdk-1.8.0.102-1.b14.fc23.x86_64/jre/lib/amd64/server/libjvm.so
7f1e87a0c000-7f1e87a35000 rw-p 00ce5000 08:03 409577                     /usr/lib/jvm/java-1.8.0-openjdk-1.8.0.102-1.b14.fc23.x86_64/jre/lib/amd64/server/libjvm.so
7f1e87a35000-7f1e87a65000 rw-p 00000000 00:00 0 
7f1e87a65000-7f1e87a6c000 r-xp 00000000 08:03 155515                     /usr/lib64/libSDL2_ttf-2.0.so.0.10.3
7f1e87a6c000-7f1e87c6b000 ---p 00007000 08:03 155515                     /usr/lib64/libSDL2_ttf-2.0.so.0.10.3
7f1e87c6b000-7f1e87c6c000 r--p 00006000 08:03 155515                     /usr/lib64/libSDL2_ttf-2.0.so.0.10.3
7f1e87c6c000-7f1e87c6d000 rw-p 00000000 00:00 0 
7f1e87c6d000-7f1e87d6f000 r-xp 00000000 08:03 206355                     /usr/lib64/libSDL2-2.0.so.0.4.0
7f1e87d6f000-7f1e87f6e000 ---p 00102000 08:03 206355                     /usr/lib64/libSDL2-2.0.so.0.4.0
7f1e87f6e000-7f1e87f72000 r--p 00101000 08:03 206355                     /usr/lib64/libSDL2-2.0.so.0.4.0
7f1e87f72000-7f1e87f76000 rw-p 00105000 08:03 206355                     /usr/lib64/libSDL2-2.0.so.0.4.0
7f1e87f76000-7f1e87f79000 rw-p 00000000 00:00 0 
7f1e87f79000-7f1e87fb6000 r-xp 00000000 08:03 139935                     /usr/lib64/libgslcblas.so.0.0.0
7f1e87fb6000-7f1e881b5000 ---p 0003d000 08:03 139935                     /usr/lib64/libgslcblas.so.0.0.0
7f1e881b5000-7f1e881b6000 r--p 0003c000 08:03 139935                     /usr/lib64/libgslcblas.so.0.0.0
7f1e881b6000-7f1e881b7000 rw-p 00000000 00:00 0 
7f1e881b7000-7f1e883d4000 r-xp 00000000 08:03 139934                     /usr/lib64/libgsl.so.0.17.0
7f1e883d4000-7f1e885d4000 ---p 0021d000 08:03 139934                     /usr/lib64/libgsl.so.0.17.0
7f1e885d4000-7f1e885d9000 r--p 0021d000 08:03 139934                     /usr/lib64/libgsl.so.0.17.0
7f1e885d9000-7f1e885e7000 rw-p 00222000 08:03 139934                     /usr/lib64/libgsl.so.0.17.0
7f1e885e7000-7f1e88745000 r-xp 00000000 08:03 139136                     /usr/lib64/libxml2.so.2.9.3
7f1e88745000-7f1e88945000 ---p 0015e000 08:03 139136                     /usr/lib64/libxml2.so.2.9.3
7f1e88945000-7f1e8894d000 r--p 0015e000 08:03 139136                     /usr/lib64/libxml2.so.2.9.3
7f1e8894d000-7f1e8894f000 rw-p 00166000 08:03 139136                     /usr/lib64/libxml2.so.2.9.3
7f1e8894f000-7f1e88950000 rw-p 00000000 00:00 0 
7f1e88950000-7f1e88971000 r-xp 00000000 08:03 153812                     /usr/lib64/ld-2.22.so
7f1e88971000-7f1e88973000 r--s 00000000 08:16 3099                       /var/cache/fontconfig/f9d379b867d7c69c85310a4f24e5228f-le64.cache-7
7f1e88973000-7f1e88b4c000 rw-p 00000000 00:00 0 
7f1e88b4c000-7f1e88b4d000 r--s 00000000 08:16 3103                       /var/cache/fontconfig/b4d0b56f766d89640448751fcd18ec1e-le64.cache-7
7f1e88b4d000-7f1e88b4e000 r--s 00000000 08:16 3094                       /var/cache/fontconfig/3640555adad8a8f6978400293cfce7ab-le64.cache-7
7f1e88b4e000-7f1e88b50000 r--s 00000000 08:16 2710                       /var/cache/fontconfig/b3043b29744cf0a429678d296f5e4026-le64.cache-7
7f1e88b50000-7f1e88b54000 r--s 00000000 08:16 3129                       /var/cache/fontconfig/beeeeb3dfe132a8a0633a017c99ce0c0-le64.cache-7
7f1e88b54000-7f1e88b62000 r--s 00193000 08:03 399539                     /usr/lib/jvm/java-1.8.0-openjdk-1.8.0.102-1.b14.fc23.x86_64/jre/lib/ext/j3dutils.jar
7f1e88b62000-7f1e88b64000 r--s 0004c000 08:03 399573                     /usr/lib/jvm/java-1.8.0-openjdk-1.8.0.102-1.b14.fc23.x86_64/jre/lib/ext/vecmath.jar
7f1e88b64000-7f1e88b6c000 rw-s 00000000 00:27 4637891                    /tmp/hsperfdata_root/4819
7f1e88b6c000-7f1e88b6d000 rw-p 00000000 00:00 0 
7f1e88b6d000-7f1e88b6e000 r--p 00000000 00:00 0 
7f1e88b6e000-7f1e88b70000 rw-p 00000000 00:00 0 
7f1e88b70000-7f1e88b71000 r--p 00020000 08:03 153812                     /usr/lib64/ld-2.22.so
7f1e88b71000-7f1e88b72000 rw-p 00021000 08:03 153812                     /usr/lib64/ld-2.22.so
7f1e88b72000-7f1e88b73000 rw-p 00000000 00:00 0 
7ffe89bf3000-7ffe89bf6000 ---p 00000000 00:00 0 
7ffe89bf7000-7ffe89cf3000 rw-p 00000000 00:00 0                          [stack]
7ffe89d3b000-7ffe89d3d000 r--p 00000000 00:00 0                          [vvar]
7ffe89d3d000-7ffe89d3f000 r-xp 00000000 00:00 0                          [vdso]
ffffffffff600000-ffffffffff601000 r-xp 00000000 00:00 0                  [vsyscall]

VM Arguments:
jvm_args: -Djava.library.path=J3D_PATH-NOTFOUND 
java_command: <unknown>
java_class_path (initial): /home/nicolas/m454_project/mbsysCopy/mbs_common/mbs_realtime/../../mbsyspad/MBsysPad.jar
Launcher Type: generic

Environment Variables:
PATH=/usr/lib64/qt-3.3/bin:/usr/local/bin:/usr/bin:/bin:/usr/local/sbin:/usr/sbin:/home/nicolas/.local/bin:/home/nicolas/bin
SHELL=/bin/bash
DISPLAY=:0

Signal Handlers:
SIGSEGV: [libjvm.so+0xa66730], sa_mask[0]=11111111011111111101111111111110, sa_flags=SA_RESTART|SA_SIGINFO
SIGBUS: [libjvm.so+0xa66730], sa_mask[0]=11111111011111111101111111111110, sa_flags=SA_RESTART|SA_SIGINFO
SIGFPE: [libjvm.so+0x8b0440], sa_mask[0]=11111111011111111101111111111110, sa_flags=SA_RESTART|SA_SIGINFO
SIGPIPE: [libjvm.so+0x8b0440], sa_mask[0]=11111111011111111101111111111110, sa_flags=SA_RESTART|SA_SIGINFO
SIGXFSZ: [libjvm.so+0x8b0440], sa_mask[0]=11111111011111111101111111111110, sa_flags=SA_RESTART|SA_SIGINFO
SIGILL: [libjvm.so+0x8b0440], sa_mask[0]=11111111011111111101111111111110, sa_flags=SA_RESTART|SA_SIGINFO
SIGUSR1: SIG_DFL, sa_mask[0]=00000000000000000000000000000000, sa_flags=none
SIGUSR2: [libjvm.so+0x8b02f0], sa_mask[0]=00000000000000000000000000000000, sa_flags=SA_RESTART|SA_SIGINFO
SIGHUP: [libjvm.so+0x8b07c0], sa_mask[0]=11111111011111111101111111111110, sa_flags=SA_RESTART|SA_SIGINFO
SIGINT: [libjvm.so+0x8b07c0], sa_mask[0]=11111111011111111101111111111110, sa_flags=SA_RESTART|SA_SIGINFO
SIGTERM: [libjvm.so+0x8b07c0], sa_mask[0]=11111111011111111101111111111110, sa_flags=SA_RESTART|SA_SIGINFO
SIGQUIT: [libjvm.so+0x8b07c0], sa_mask[0]=11111111011111111101111111111110, sa_flags=SA_RESTART|SA_SIGINFO


---------------  S Y S T E M  ---------------

OS:Fedora release 23 (Twenty Three)

uname:Linux 4.7.5-100.fc23.x86_64 #1 SMP Mon Sep 26 19:29:03 UTC 2016 x86_64
libc:glibc 2.22 NPTL 2.22 
rlimit: STACK 8192k, CORE 0k, NPROC 31566, NOFILE 4096, AS infinity
load average:0.77 0.76 0.62

/proc/meminfo:
MemTotal:        8101156 kB
MemFree:         5224044 kB
MemAvailable:    6428076 kB
Buffers:          141316 kB
Cached:          1372720 kB
SwapCached:            0 kB
Active:          1462744 kB
Inactive:        1104868 kB
Active(anon):    1056984 kB
Inactive(anon):   137244 kB
Active(file):     405760 kB
Inactive(file):   967624 kB
Unevictable:          32 kB
Mlocked:              32 kB
SwapTotal:             0 kB
SwapFree:              0 kB
Dirty:            501588 kB
Writeback:             0 kB
AnonPages:       1053888 kB
Mapped:           429156 kB
Shmem:            140620 kB
Slab:             174884 kB
SReclaimable:     108308 kB
SUnreclaim:        66576 kB
KernelStack:        8832 kB
PageTables:        46572 kB
NFS_Unstable:          0 kB
Bounce:                0 kB
WritebackTmp:          0 kB
CommitLimit:     4050576 kB
Committed_AS:    3772432 kB
VmallocTotal:   34359738367 kB
VmallocUsed:           0 kB
VmallocChunk:          0 kB
HardwareCorrupted:     0 kB
AnonHugePages:         0 kB
CmaTotal:              0 kB
CmaFree:               0 kB
HugePages_Total:       0
HugePages_Free:        0
HugePages_Rsvd:        0
HugePages_Surp:        0
Hugepagesize:       2048 kB
DirectMap4k:      163584 kB
DirectMap2M:     2908160 kB
DirectMap1G:     6291456 kB


CPU:total 8 (4 cores per cpu, 2 threads per core) family 6 model 60 stepping 3, cmov, cx8, fxsr, mmx, sse, sse2, sse3, ssse3, sse4.1, sse4.2, popcnt, avx, avx2, aes, clmul, erms, lzcnt, ht, tsc, tscinvbit, bmi1, bmi2

/proc/cpuinfo:
processor	: 0
vendor_id	: GenuineIntel
cpu family	: 6
model		: 60
model name	: Intel(R) Core(TM) i7-4710HQ CPU @ 2.50GHz
stepping	: 3
microcode	: 0x20
cpu MHz		: 3281.097
cache size	: 6144 KB
physical id	: 0
siblings	: 8
core id		: 0
cpu cores	: 4
apicid		: 0
initial apicid	: 0
fpu		: yes
fpu_exception	: yes
cpuid level	: 13
wp		: yes
flags		: fpu vme de pse tsc msr pae mce cx8 apic sep mtrr pge mca cmov pat pse36 clflush dts acpi mmx fxsr sse sse2 ss ht tm pbe syscall nx pdpe1gb rdtscp lm constant_tsc arch_perfmon pebs bts rep_good nopl xtopology nonstop_tsc aperfmperf eagerfpu pni pclmulqdq dtes64 monitor ds_cpl vmx est tm2 ssse3 sdbg fma cx16 xtpr pdcm pcid sse4_1 sse4_2 x2apic movbe popcnt tsc_deadline_timer aes xsave avx f16c rdrand lahf_lm abm epb tpr_shadow vnmi flexpriority ept vpid fsgsbase tsc_adjust bmi1 avx2 smep bmi2 erms invpcid xsaveopt dtherm ida arat pln pts
bugs		:
bogomips	: 4988.88
clflush size	: 64
cache_alignment	: 64
address sizes	: 39 bits physical, 48 bits virtual
power management:

processor	: 1
vendor_id	: GenuineIntel
cpu family	: 6
model		: 60
model name	: Intel(R) Core(TM) i7-4710HQ CPU @ 2.50GHz
stepping	: 3
microcode	: 0x20
cpu MHz		: 3287.963
cache size	: 6144 KB
physical id	: 0
siblings	: 8
core id		: 0
cpu cores	: 4
apicid		: 1
initial apicid	: 1
fpu		: yes
fpu_exception	: yes
cpuid level	: 13
wp		: yes
flags		: fpu vme de pse tsc msr pae mce cx8 apic sep mtrr pge mca cmov pat pse36 clflush dts acpi mmx fxsr sse sse2 ss ht tm pbe syscall nx pdpe1gb rdtscp lm constant_tsc arch_perfmon pebs bts rep_good nopl xtopology nonstop_tsc aperfmperf eagerfpu pni pclmulqdq dtes64 monitor ds_cpl vmx est tm2 ssse3 sdbg fma cx16 xtpr pdcm pcid sse4_1 sse4_2 x2apic movbe popcnt tsc_deadline_timer aes xsave avx f16c rdrand lahf_lm abm epb tpr_shadow vnmi flexpriority ept vpid fsgsbase tsc_adjust bmi1 avx2 smep bmi2 erms invpcid xsaveopt dtherm ida arat pln pts
bugs		:
bogomips	: 4992.92
clflush size	: 64
cache_alignment	: 64
address sizes	: 39 bits physical, 48 bits virtual
power management:

processor	: 2
vendor_id	: GenuineIntel
cpu family	: 6
model		: 60
model name	: Intel(R) Core(TM) i7-4710HQ CPU @ 2.50GHz
stepping	: 3
microcode	: 0x20
cpu MHz		: 3281.860
cache size	: 6144 KB
physical id	: 0
siblings	: 8
core id		: 1
cpu cores	: 4
apicid		: 2
initial apicid	: 2
fpu		: yes
fpu_exception	: yes
cpuid level	: 13
wp		: yes
flags		: fpu vme de pse tsc msr pae mce cx8 apic sep mtrr pge mca cmov pat pse36 clflush dts acpi mmx fxsr sse sse2 ss ht tm pbe syscall nx pdpe1gb rdtscp lm constant_tsc arch_perfmon pebs bts rep_good nopl xtopology nonstop_tsc aperfmperf eagerfpu pni pclmulqdq dtes64 monitor ds_cpl vmx est tm2 ssse3 sdbg fma cx16 xtpr pdcm pcid sse4_1 sse4_2 x2apic movbe popcnt tsc_deadline_timer aes xsave avx f16c rdrand lahf_lm abm epb tpr_shadow vnmi flexpriority ept vpid fsgsbase tsc_adjust bmi1 avx2 smep bmi2 erms invpcid xsaveopt dtherm ida arat pln pts
bugs		:
bogomips	: 4991.75
clflush size	: 64
cache_alignment	: 64
address sizes	: 39 bits physical, 48 bits virtual
power management:

processor	: 3
vendor_id	: GenuineIntel
cpu family	: 6
model		: 60
model name	: Intel(R) Core(TM) i7-4710HQ CPU @ 2.50GHz
stepping	: 3
microcode	: 0x20
cpu MHz		: 3283.386
cache size	: 6144 KB
physical id	: 0
siblings	: 8
core id		: 1
cpu cores	: 4
apicid		: 3
initial apicid	: 3
fpu		: yes
fpu_exception	: yes
cpuid level	: 13
wp		: yes
flags		: fpu vme de pse tsc msr pae mce cx8 apic sep mtrr pge mca cmov pat pse36 clflush dts acpi mmx fxsr sse sse2 ss ht tm pbe syscall nx pdpe1gb rdtscp lm constant_tsc arch_perfmon pebs bts rep_good nopl xtopology nonstop_tsc aperfmperf eagerfpu pni pclmulqdq dtes64 monitor ds_cpl vmx est tm2 ssse3 sdbg fma cx16 xtpr pdcm pcid sse4_1 sse4_2 x2apic movbe popcnt tsc_deadline_timer aes xsave avx f16c rdrand lahf_lm abm epb tpr_shadow vnmi flexpriority ept vpid fsgsbase tsc_adjust bmi1 avx2 smep bmi2 erms invpcid xsaveopt dtherm ida arat pln pts
bugs		:
bogomips	: 4991.94
clflush size	: 64
cache_alignment	: 64
address sizes	: 39 bits physical, 48 bits virtual
power management:

processor	: 4
vendor_id	: GenuineIntel
cpu family	: 6
model		: 60
model name	: Intel(R) Core(TM) i7-4710HQ CPU @ 2.50GHz
stepping	: 3
microcode	: 0x20
cpu MHz		: 3282.165
cache size	: 6144 KB
physical id	: 0
siblings	: 8
core id		: 2
cpu cores	: 4
apicid		: 4
initial apicid	: 4
fpu		: yes
fpu_exception	: yes
cpuid level	: 13
wp		: yes
flags		: fpu vme de pse tsc msr pae mce cx8 apic sep mtrr pge mca cmov pat pse36 clflush dts acpi mmx fxsr sse sse2 ss ht tm pbe syscall nx pdpe1gb rdtscp lm constant_tsc arch_perfmon pebs bts rep_good nopl xtopology nonstop_tsc aperfmperf eagerfpu pni pclmulqdq dtes64 monitor ds_cpl vmx est tm2 ssse3 sdbg fma cx16 xtpr pdcm pcid sse4_1 sse4_2 x2apic movbe popcnt tsc_deadline_timer aes xsave avx f16c rdrand lahf_lm abm epb tpr_shadow vnmi flexpriority ept vpid fsgsbase tsc_adjust bmi1 avx2 smep bmi2 erms invpcid xsaveopt dtherm ida arat pln pts
bugs		:
bogomips	: 4991.90
clflush size	: 64
cache_alignment	: 64
address sizes	: 39 bits physical, 48 bits virtual
power management:

processor	: 5
vendor_id	: GenuineIntel
cpu family	: 6
model		: 60
model name	: Intel(R) Core(TM) i7-4710HQ CPU @ 2.50GHz
stepping	: 3
microcode	: 0x20
cpu MHz		: 3281.860
cache size	: 6144 KB
physical id	: 0
siblings	: 8
core id		: 2
cpu cores	: 4
apicid		: 5
initial apicid	: 5
fpu		: yes
fpu_exception	: yes
cpuid level	: 13
wp		: yes
flags		: fpu vme de pse tsc msr pae mce cx8 apic sep mtrr pge mca cmov pat pse36 clflush dts acpi mmx fxsr sse sse2 ss ht tm pbe syscall nx pdpe1gb rdtscp lm constant_tsc arch_perfmon pebs bts rep_good nopl xtopology nonstop_tsc aperfmperf eagerfpu pni pclmulqdq dtes64 monitor ds_cpl vmx est tm2 ssse3 sdbg fma cx16 xtpr pdcm pcid sse4_1 sse4_2 x2apic movbe popcnt tsc_deadline_timer aes xsave avx f16c rdrand lahf_lm abm epb tpr_shadow vnmi flexpriority ept vpid fsgsbase tsc_adjust bmi1 avx2 smep bmi2 erms invpcid xsaveopt dtherm ida arat pln pts
bugs		:
bogomips	: 4991.96
clflush size	: 64
cache_alignment	: 64
address sizes	: 39 bits physical, 48 bits virtual
power management:

processor	: 6
vendor_id	: GenuineIntel
cpu family	: 6
model		: 60
model name	: Intel(R) Core(TM) i7-4710HQ CPU @ 2.50GHz
stepping	: 3
microcode	: 0x20
cpu MHz		: 3288.574
cache size	: 6144 KB
physical id	: 0
siblings	: 8
core id		: 3
cpu cores	: 4
apicid		: 6
initial apicid	: 6
fpu		: yes
fpu_exception	: yes
cpuid level	: 13
wp		: yes
flags		: fpu vme de pse tsc msr pae mce cx8 apic sep mtrr pge mca cmov pat pse36 clflush dts acpi mmx fxsr sse sse2 ss ht tm pbe syscall nx pdpe1gb rdtscp lm constant_tsc arch_perfmon pebs bts rep_good nopl xtopology nonstop_tsc aperfmperf eagerfpu pni pclmulqdq dtes64 monitor ds_cpl vmx est tm2 ssse3 sdbg fma cx16 xtpr pdcm pcid sse4_1 sse4_2 x2apic movbe popcnt tsc_deadline_timer aes xsave avx f16c rdrand lahf_lm abm epb tpr_shadow vnmi flexpriority ept vpid fsgsbase tsc_adjust bmi1 avx2 smep bmi2 erms invpcid xsaveopt dtherm ida arat pln pts
bugs		:
bogomips	: 4991.85
clflush size	: 64
cache_alignment	: 64
address sizes	: 39 bits physical, 48 bits virtual
power management:

processor	: 7
vendor_id	: GenuineIntel
cpu family	: 6
model		: 60
model name	: Intel(R) Core(TM) i7-4710HQ CPU @ 2.50GHz
stepping	: 3
microcode	: 0x20
cpu MHz		: 3281.250
cache size	: 6144 KB
physical id	: 0
siblings	: 8
core id		: 3
cpu cores	: 4
apicid		: 7
initial apicid	: 7
fpu		: yes
fpu_exception	: yes
cpuid level	: 13
wp		: yes
flags		: fpu vme de pse tsc msr pae mce cx8 apic sep mtrr pge mca cmov pat pse36 clflush dts acpi mmx fxsr sse sse2 ss ht tm pbe syscall nx pdpe1gb rdtscp lm constant_tsc arch_perfmon pebs bts rep_good nopl xtopology nonstop_tsc aperfmperf eagerfpu pni pclmulqdq dtes64 monitor ds_cpl vmx est tm2 ssse3 sdbg fma cx16 xtpr pdcm pcid sse4_1 sse4_2 x2apic movbe popcnt tsc_deadline_timer aes xsave avx f16c rdrand lahf_lm abm epb tpr_shadow vnmi flexpriority ept vpid fsgsbase tsc_adjust bmi1 avx2 smep bmi2 erms invpcid xsaveopt dtherm ida arat pln pts
bugs		:
bogomips	: 4991.96
clflush size	: 64
cache_alignment	: 64
address sizes	: 39 bits physical, 48 bits virtual
power management:



Memory: 4k page, physical 8101156k(5227340k free), swap 0k(0k free)

vm_info: OpenJDK 64-Bit Server VM (25.102-b14) for linux-amd64 JRE (1.8.0_102-b14), built on Aug 25 2016 13:37:44 by "mockbuild" with gcc 5.3.1 20160406 (Red Hat 5.3.1-6)

time: Tue Oct 11 23:27:25 2016
elapsed time: 1 seconds (0d 0h 0m 1s)

